#
# There is insufficient memory for the Java Runtime Environment to continue.
# Native memory allocation (malloc) failed to allocate 32744 bytes for ChunkPool::allocate
# Possible reasons:
#   The system is out of physical RAM or swap space
#   The process is running with CompressedOops enabled, and the Java Heap may be blocking the growth of the native heap
# Possible solutions:
#   Reduce memory load on the system
#   Increase physical memory or swap space
#   Check if swap backing store is full
#   Decrease Java heap size (-Xmx/-Xms)
#   Decrease number of Java threads
#   Decrease Java thread stack sizes (-Xss)
#   Set larger code cache with -XX:ReservedCodeCacheSize=
#   JVM is running with Unscaled Compressed Oops mode in which the Java heap is
#     placed in the first 4GB address space. The Java Heap base address is the
#     maximum limit for the native heap growth. Please use -XX:HeapBaseMinAddress
#     to set the Java Heap base and to place the Java Heap above 4GB virtual address.
# This output file may be truncated or incomplete.
#
#  Out of Memory Error (arena.cpp:79), pid=14040, tid=17996
#
# JRE version: OpenJDK Runtime Environment Corretto-17.0.9.8.1 (17.0.9+8) (build 17.0.9+8-LTS)
# Java VM: OpenJDK 64-Bit Server VM Corretto-17.0.9.8.1 (17.0.9+8-LTS, mixed mode, sharing, tiered, compressed oops, compressed class ptrs, g1 gc, windows-amd64)
# No core dump will be written. Minidumps are not enabled by default on client versions of Windows
#

---------------  S U M M A R Y ------------

Command Line: C:\Users\etudiant\AppData\Local\Temp\surefire2075169383945241480\surefirebooter-20240219143837845_3.jar C:\Users\etudiant\AppData\Local\Temp\surefire2075169383945241480 2024-02-19T14-38-36_858-jvmRun1 surefire-20240219143837845_1tmp surefire_0-20240219143837845_2tmp

Host: AMD Athlon 300U with Radeon Vega Mobile Gfx    , 4 cores, 3G,  Windows 11 , 64 bit Build 22621 (10.0.22621.3085)
Time: Mon Feb 19 14:38:39 2024 Paris, Madrid elapsed time: 0.914138 seconds (0d 0h 0m 0s)

---------------  T H R E A D  ---------------

Current thread (0x000001a7cff1f340):  JavaThread "C2 CompilerThread0" daemon [_thread_in_native, id=17996, stack(0x000000344b300000,0x000000344b400000)]


Current CompileTask:
C2:    914  678   !   4       java.util.zip.ZipFile::getEntry (59 bytes)

Stack: [0x000000344b300000,0x000000344b400000]
Native frames: (J=compiled Java code, j=interpreted, Vv=VM code, C=native code)
V  [jvm.dll+0x67cb49]
V  [jvm.dll+0x8344da]
V  [jvm.dll+0x835f9e]
V  [jvm.dll+0x836603]
V  [jvm.dll+0x247b5f]
V  [jvm.dll+0xac65c]
V  [jvm.dll+0xaca8c]
V  [jvm.dll+0x34bade]
V  [jvm.dll+0x347b8c]
V  [jvm.dll+0x34d48a]
V  [jvm.dll+0x69042a]
V  [jvm.dll+0x6904ee]
V  [jvm.dll+0x692da7]
V  [jvm.dll+0x68cfbb]
V  [jvm.dll+0x68c5f7]
V  [jvm.dll+0x68a4e2]
V  [jvm.dll+0x1a892c]
V  [jvm.dll+0x2ae294]
V  [jvm.dll+0x694ff5]
V  [jvm.dll+0x68cfbb]
V  [jvm.dll+0x68c5f7]
V  [jvm.dll+0x68a4e2]
V  [jvm.dll+0x1a892c]
V  [jvm.dll+0x2ae294]
V  [jvm.dll+0x694ff5]
V  [jvm.dll+0x68cfbb]
V  [jvm.dll+0x68c5f7]
V  [jvm.dll+0x68a4e2]
V  [jvm.dll+0x1a892c]
V  [jvm.dll+0x2ae294]
V  [jvm.dll+0x694ff5]
V  [jvm.dll+0x68cfbb]
V  [jvm.dll+0x68c5f7]
V  [jvm.dll+0x68a4e2]
V  [jvm.dll+0x1a892c]
V  [jvm.dll+0x1a94f6]
V  [jvm.dll+0x2ae294]
V  [jvm.dll+0x694ff5]
V  [jvm.dll+0x68cfbb]
V  [jvm.dll+0x68c5f7]
V  [jvm.dll+0x68a4e2]
V  [jvm.dll+0x1a892c]
V  [jvm.dll+0x2191d8]
V  [jvm.dll+0x1a56cd]
V  [jvm.dll+0x2293ee]
V  [jvm.dll+0x2275bc]
V  [jvm.dll+0x7e95a7]
V  [jvm.dll+0x7e396a]
V  [jvm.dll+0x67ba35]
C  [ucrtbase.dll+0x29363]
C  [KERNEL32.DLL+0x1257d]
C  [ntdll.dll+0x5aa58]


---------------  P R O C E S S  ---------------

Threads class SMR info:
_java_thread_list=0x000001a815483880, length=14, elements={
0x000001a7b2fb15f0, 0x000001a7b30561c0, 0x000001a7b3057110, 0x000001a7cff11420,
0x000001a7cff12ff0, 0x000001a7cff162b0, 0x000001a7cff171e0, 0x000001a7cff1f340,
0x000001a7cff1fd00, 0x000001a7cff2f160, 0x000001a7cff176f0, 0x000001a7cff19040,
0x000001a7cff17c00, 0x000001a7cff18b30
}

Java Threads: ( => current thread )
  0x000001a7b2fb15f0 JavaThread "main" [_thread_in_vm, id=3884, stack(0x000000344a600000,0x000000344a700000)]
  0x000001a7b30561c0 JavaThread "Reference Handler" daemon [_thread_blocked, id=15016, stack(0x000000344ad00000,0x000000344ae00000)]
  0x000001a7b3057110 JavaThread "Finalizer" daemon [_thread_blocked, id=9704, stack(0x000000344ae00000,0x000000344af00000)]
  0x000001a7cff11420 JavaThread "Signal Dispatcher" daemon [_thread_blocked, id=7876, stack(0x000000344af00000,0x000000344b000000)]
  0x000001a7cff12ff0 JavaThread "Attach Listener" daemon [_thread_blocked, id=1420, stack(0x000000344b000000,0x000000344b100000)]
  0x000001a7cff162b0 JavaThread "Service Thread" daemon [_thread_blocked, id=15196, stack(0x000000344b100000,0x000000344b200000)]
  0x000001a7cff171e0 JavaThread "Monitor Deflation Thread" daemon [_thread_blocked, id=4928, stack(0x000000344b200000,0x000000344b300000)]
=>0x000001a7cff1f340 JavaThread "C2 CompilerThread0" daemon [_thread_in_native, id=17996, stack(0x000000344b300000,0x000000344b400000)]
  0x000001a7cff1fd00 JavaThread "C1 CompilerThread0" daemon [_thread_in_native, id=17828, stack(0x000000344b400000,0x000000344b500000)]
  0x000001a7cff2f160 JavaThread "Sweeper thread" daemon [_thread_blocked, id=17292, stack(0x000000344b500000,0x000000344b600000)]
  0x000001a7cff176f0 JavaThread "Notification Thread" daemon [_thread_blocked, id=17792, stack(0x000000344b600000,0x000000344b700000)]
  0x000001a7cff19040 JavaThread "Common-Cleaner" daemon [_thread_blocked, id=16276, stack(0x000000344b800000,0x000000344b900000)]
  0x000001a7cff17c00 JavaThread "surefire-forkedjvm-stream-flusher" daemon [_thread_blocked, id=13128, stack(0x000000344b900000,0x000000344ba00000)]
  0x000001a7cff18b30 JavaThread "surefire-forkedjvm-command-thread" daemon [_thread_in_native, id=15936, stack(0x000000344ba00000,0x000000344bb00000)]

Other Threads:
  0x000001a7b3051d40 VMThread "VM Thread" [stack: 0x000000344ac00000,0x000000344ad00000] [id=18216]
  0x000001a8151a18a0 WatcherThread [stack: 0x000000344b700000,0x000000344b800000] [id=13144]
  0x000001a7b2fe91a0 GCTaskThread "GC Thread#0" [stack: 0x000000344a700000,0x000000344a800000] [id=13976]
  0x000001a815832190 GCTaskThread "GC Thread#1" [stack: 0x000000344bb00000,0x000000344bc00000] [id=9996]
  0x000001a81584e2f0 GCTaskThread "GC Thread#2" [stack: 0x000000344bc00000,0x000000344bd00000] [id=5704]
  0x000001a8158505c0 GCTaskThread "GC Thread#3" [stack: 0x000000344bd00000,0x000000344be00000] [id=5916]
  0x000001a7b2ff0f40 ConcurrentGCThread "G1 Main Marker" [stack: 0x000000344a800000,0x000000344a900000] [id=14408]
  0x000001a7b2ff2100 ConcurrentGCThread "G1 Conc#0" [stack: 0x000000344a900000,0x000000344aa00000] [id=11240]
  0x000001a7b302e430 ConcurrentGCThread "G1 Refine#0" [stack: 0x000000344aa00000,0x000000344ab00000] [id=4092]
  0x000001a815850880 ConcurrentGCThread "G1 Refine#1" [stack: 0x000000344be00000,0x000000344bf00000] [id=16536]
  0x000001a7b302ee60 ConcurrentGCThread "G1 Service" [stack: 0x000000344ab00000,0x000000344ac00000] [id=14108]

Threads with active compile tasks:
C2 CompilerThread0      979  678   !   4       java.util.zip.ZipFile::getEntry (59 bytes)
C1 CompilerThread0      979  715       3       java.net.URLStreamHandler::parseURL (1201 bytes)

VM state: not at safepoint (normal execution)

VM Mutex/Monitor currently owned by a thread:  ([mutex/lock_event])
[0x000001a7b2fab000] Metaspace_lock - owner thread: 0x000001a7b2fb15f0

Heap address: 0x00000000c9400000, size: 876 MB, Compressed Oops mode: 32-bit

CDS archive(s) mapped at: [0x000001a7d0000000-0x000001a7d0ba0000-0x000001a7d0ba0000), size 12189696, SharedBaseAddress: 0x000001a7d0000000, ArchiveRelocationMode: 1.
Compressed class space mapped at: 0x000001a7d1000000-0x000001a811000000, reserved size: 1073741824
Narrow klass base: 0x000001a7d0000000, Narrow klass shift: 0, Narrow klass range: 0x100000000

GC Precious Log:
 CPUs: 4 total, 4 available
 Memory: 3498M
 Large Page Support: Disabled
 NUMA Support: Disabled
 Compressed Oops: Enabled (32-bit)
 Heap Region Size: 1M
 Heap Min Capacity: 8M
 Heap Initial Capacity: 56M
 Heap Max Capacity: 876M
 Pre-touch: Disabled
 Parallel Workers: 4
 Concurrent Workers: 1
 Concurrent Refinement Workers: 4
 Periodic GC: Disabled

Heap:
 garbage-first heap   total 57344K, used 8768K [0x00000000c9400000, 0x0000000100000000)
  region size 1024K, 4 young (4096K), 2 survivors (2048K)
 Metaspace       used 2536K, committed 2688K, reserved 1114112K
  class space    used 266K, committed 384K, reserved 1048576K

Heap Regions: E=young(eden), S=young(survivor), O=old, HS=humongous(starts), HC=humongous(continues), CS=collection set, F=free, OA=open archive, CA=closed archive, TAMS=top-at-mark-start (previous, next)
|   0|0x00000000c9400000, 0x00000000c9500000, 0x00000000c9500000|100%|HS|  |TAMS 0x00000000c9400000, 0x00000000c9400000| Complete 
|   1|0x00000000c9500000, 0x00000000c9600000, 0x00000000c9600000|100%| O|  |TAMS 0x00000000c9500000, 0x00000000c9500000| Untracked 
|   2|0x00000000c9600000, 0x00000000c9700000, 0x00000000c9700000|100%| O|  |TAMS 0x00000000c9600000, 0x00000000c9600000| Untracked 
|   3|0x00000000c9700000, 0x00000000c9800000, 0x00000000c9800000|100%| O|  |TAMS 0x00000000c9700000, 0x00000000c9700000| Untracked 
|   4|0x00000000c9800000, 0x00000000c9900000, 0x00000000c9900000|100%| O|  |TAMS 0x00000000c9800000, 0x00000000c9800000| Untracked 
|   5|0x00000000c9900000, 0x00000000c9990000, 0x00000000c9a00000| 56%| O|  |TAMS 0x00000000c9900000, 0x00000000c9900000| Untracked 
|   6|0x00000000c9a00000, 0x00000000c9a00000, 0x00000000c9b00000|  0%| F|  |TAMS 0x00000000c9a00000, 0x00000000c9a00000| Untracked 
|   7|0x00000000c9b00000, 0x00000000c9b00000, 0x00000000c9c00000|  0%| F|  |TAMS 0x00000000c9b00000, 0x00000000c9b00000| Untracked 
|   8|0x00000000c9c00000, 0x00000000c9c00000, 0x00000000c9d00000|  0%| F|  |TAMS 0x00000000c9c00000, 0x00000000c9c00000| Untracked 
|   9|0x00000000c9d00000, 0x00000000c9d00000, 0x00000000c9e00000|  0%| F|  |TAMS 0x00000000c9d00000, 0x00000000c9d00000| Untracked 
|  10|0x00000000c9e00000, 0x00000000c9e00000, 0x00000000c9f00000|  0%| F|  |TAMS 0x00000000c9e00000, 0x00000000c9e00000| Untracked 
|  11|0x00000000c9f00000, 0x00000000c9f00000, 0x00000000ca000000|  0%| F|  |TAMS 0x00000000c9f00000, 0x00000000c9f00000| Untracked 
|  12|0x00000000ca000000, 0x00000000ca000000, 0x00000000ca100000|  0%| F|  |TAMS 0x00000000ca000000, 0x00000000ca000000| Untracked 
|  13|0x00000000ca100000, 0x00000000ca100000, 0x00000000ca200000|  0%| F|  |TAMS 0x00000000ca100000, 0x00000000ca100000| Untracked 
|  14|0x00000000ca200000, 0x00000000ca200000, 0x00000000ca300000|  0%| F|  |TAMS 0x00000000ca200000, 0x00000000ca200000| Untracked 
|  15|0x00000000ca300000, 0x00000000ca300000, 0x00000000ca400000|  0%| F|  |TAMS 0x00000000ca300000, 0x00000000ca300000| Untracked 
|  16|0x00000000ca400000, 0x00000000ca400000, 0x00000000ca500000|  0%| F|  |TAMS 0x00000000ca400000, 0x00000000ca400000| Untracked 
|  17|0x00000000ca500000, 0x00000000ca500000, 0x00000000ca600000|  0%| F|  |TAMS 0x00000000ca500000, 0x00000000ca500000| Untracked 
|  18|0x00000000ca600000, 0x00000000ca600000, 0x00000000ca700000|  0%| F|  |TAMS 0x00000000ca600000, 0x00000000ca600000| Untracked 
|  19|0x00000000ca700000, 0x00000000ca700000, 0x00000000ca800000|  0%| F|  |TAMS 0x00000000ca700000, 0x00000000ca700000| Untracked 
|  20|0x00000000ca800000, 0x00000000ca800000, 0x00000000ca900000|  0%| F|  |TAMS 0x00000000ca800000, 0x00000000ca800000| Untracked 
|  21|0x00000000ca900000, 0x00000000ca900000, 0x00000000caa00000|  0%| F|  |TAMS 0x00000000ca900000, 0x00000000ca900000| Untracked 
|  22|0x00000000caa00000, 0x00000000caa00000, 0x00000000cab00000|  0%| F|  |TAMS 0x00000000caa00000, 0x00000000caa00000| Untracked 
|  23|0x00000000cab00000, 0x00000000cab00000, 0x00000000cac00000|  0%| F|  |TAMS 0x00000000cab00000, 0x00000000cab00000| Untracked 
|  24|0x00000000cac00000, 0x00000000cac00000, 0x00000000cad00000|  0%| F|  |TAMS 0x00000000cac00000, 0x00000000cac00000| Untracked 
|  25|0x00000000cad00000, 0x00000000cad00000, 0x00000000cae00000|  0%| F|  |TAMS 0x00000000cad00000, 0x00000000cad00000| Untracked 
|  26|0x00000000cae00000, 0x00000000cae00000, 0x00000000caf00000|  0%| F|  |TAMS 0x00000000cae00000, 0x00000000cae00000| Untracked 
|  27|0x00000000caf00000, 0x00000000caf00000, 0x00000000cb000000|  0%| F|  |TAMS 0x00000000caf00000, 0x00000000caf00000| Untracked 
|  28|0x00000000cb000000, 0x00000000cb000000, 0x00000000cb100000|  0%| F|  |TAMS 0x00000000cb000000, 0x00000000cb000000| Untracked 
|  29|0x00000000cb100000, 0x00000000cb100000, 0x00000000cb200000|  0%| F|  |TAMS 0x00000000cb100000, 0x00000000cb100000| Untracked 
|  30|0x00000000cb200000, 0x00000000cb200000, 0x00000000cb300000|  0%| F|  |TAMS 0x00000000cb200000, 0x00000000cb200000| Untracked 
|  31|0x00000000cb300000, 0x00000000cb300000, 0x00000000cb400000|  0%| F|  |TAMS 0x00000000cb300000, 0x00000000cb300000| Untracked 
|  32|0x00000000cb400000, 0x00000000cb400000, 0x00000000cb500000|  0%| F|  |TAMS 0x00000000cb400000, 0x00000000cb400000| Untracked 
|  33|0x00000000cb500000, 0x00000000cb500000, 0x00000000cb600000|  0%| F|  |TAMS 0x00000000cb500000, 0x00000000cb500000| Untracked 
|  34|0x00000000cb600000, 0x00000000cb600000, 0x00000000cb700000|  0%| F|  |TAMS 0x00000000cb600000, 0x00000000cb600000| Untracked 
|  35|0x00000000cb700000, 0x00000000cb700000, 0x00000000cb800000|  0%| F|  |TAMS 0x00000000cb700000, 0x00000000cb700000| Untracked 
|  36|0x00000000cb800000, 0x00000000cb800000, 0x00000000cb900000|  0%| F|  |TAMS 0x00000000cb800000, 0x00000000cb800000| Untracked 
|  37|0x00000000cb900000, 0x00000000cb900000, 0x00000000cba00000|  0%| F|  |TAMS 0x00000000cb900000, 0x00000000cb900000| Untracked 
|  38|0x00000000cba00000, 0x00000000cba00000, 0x00000000cbb00000|  0%| F|  |TAMS 0x00000000cba00000, 0x00000000cba00000| Untracked 
|  39|0x00000000cbb00000, 0x00000000cbb00000, 0x00000000cbc00000|  0%| F|  |TAMS 0x00000000cbb00000, 0x00000000cbb00000| Untracked 
|  40|0x00000000cbc00000, 0x00000000cbc00000, 0x00000000cbd00000|  0%| F|  |TAMS 0x00000000cbc00000, 0x00000000cbc00000| Untracked 
|  41|0x00000000cbd00000, 0x00000000cbe00000, 0x00000000cbe00000|100%| S|CS|TAMS 0x00000000cbd00000, 0x00000000cbd00000| Complete 
|  42|0x00000000cbe00000, 0x00000000cbf00000, 0x00000000cbf00000|100%| S|CS|TAMS 0x00000000cbe00000, 0x00000000cbe00000| Complete 
|  43|0x00000000cbf00000, 0x00000000cbf00000, 0x00000000cc000000|  0%| F|  |TAMS 0x00000000cbf00000, 0x00000000cbf00000| Untracked 
|  44|0x00000000cc000000, 0x00000000cc000000, 0x00000000cc100000|  0%| F|  |TAMS 0x00000000cc000000, 0x00000000cc000000| Untracked 
|  45|0x00000000cc100000, 0x00000000cc100000, 0x00000000cc200000|  0%| F|  |TAMS 0x00000000cc100000, 0x00000000cc100000| Untracked 
|  46|0x00000000cc200000, 0x00000000cc200000, 0x00000000cc300000|  0%| F|  |TAMS 0x00000000cc200000, 0x00000000cc200000| Untracked 
|  47|0x00000000cc300000, 0x00000000cc300000, 0x00000000cc400000|  0%| F|  |TAMS 0x00000000cc300000, 0x00000000cc300000| Untracked 
|  48|0x00000000cc400000, 0x00000000cc400000, 0x00000000cc500000|  0%| F|  |TAMS 0x00000000cc400000, 0x00000000cc400000| Untracked 
|  49|0x00000000cc500000, 0x00000000cc500000, 0x00000000cc600000|  0%| F|  |TAMS 0x00000000cc500000, 0x00000000cc500000| Untracked 
|  50|0x00000000cc600000, 0x00000000cc600000, 0x00000000cc700000|  0%| F|  |TAMS 0x00000000cc600000, 0x00000000cc600000| Untracked 
|  51|0x00000000cc700000, 0x00000000cc700000, 0x00000000cc800000|  0%| F|  |TAMS 0x00000000cc700000, 0x00000000cc700000| Untracked 
|  52|0x00000000cc800000, 0x00000000cc800000, 0x00000000cc900000|  0%| F|  |TAMS 0x00000000cc800000, 0x00000000cc800000| Untracked 
|  53|0x00000000cc900000, 0x00000000cc900000, 0x00000000cca00000|  0%| F|  |TAMS 0x00000000cc900000, 0x00000000cc900000| Untracked 
|  54|0x00000000cca00000, 0x00000000cca30de0, 0x00000000ccb00000| 19%| E|  |TAMS 0x00000000cca00000, 0x00000000cca00000| Complete 
|  55|0x00000000ccb00000, 0x00000000ccc00000, 0x00000000ccc00000|100%| E|CS|TAMS 0x00000000ccb00000, 0x00000000ccb00000| Complete 

Card table byte_map: [0x000001a7cba90000,0x000001a7cbc50000] _byte_map_base: 0x000001a7cb446000

Marking Bits (Prev, Next): (CMBitMap*) 0x000001a7b2fe97c0, (CMBitMap*) 0x000001a7b2fe9800
 Prev Bits: [0x000001a7cbe10000, 0x000001a7ccbc0000)
 Next Bits: [0x000001a7ccbc0000, 0x000001a7cd970000)

Polling page: 0x000001a7b3060000

Metaspace:

Usage:
  Non-class:      2.22 MB used.
      Class:    266.61 KB used.
       Both:      2.48 MB used.

Virtual space:
  Non-class space:       64.00 MB reserved,       2.25 MB (  4%) committed,  1 nodes.
      Class space:        1.00 GB reserved,     384.00 KB ( <1%) committed,  1 nodes.
             Both:        1.06 GB reserved,       2.62 MB ( <1%) committed. 

Chunk freelists:
   Non-Class:  11.11 MB
       Class:  15.61 MB
        Both:  26.72 MB

MaxMetaspaceSize: unlimited
CompressedClassSpaceSize: 1.00 GB
Initial GC threshold: 21.00 MB
Current GC threshold: 21.00 MB
CDS: on
MetaspaceReclaimPolicy: balanced
 - commit_granule_bytes: 65536.
 - commit_granule_words: 8192.
 - virtual_space_node_default_size: 8388608.
 - enlarge_chunks_in_place: 1.
 - new_chunks_are_fully_committed: 0.
 - uncommit_free_chunks: 1.
 - use_allocation_guard: 0.
 - handle_deallocations: 1.


Internal statistics:

num_allocs_failed_limit: 0.
num_arena_births: 20.
num_arena_deaths: 0.
num_vsnodes_births: 2.
num_vsnodes_deaths: 0.
num_space_committed: 42.
num_space_uncommitted: 0.
num_chunks_returned_to_freelist: 0.
num_chunks_taken_from_freelist: 80.
num_chunk_merges: 0.
num_chunk_splits: 45.
num_chunks_enlarged: 30.
num_inconsistent_stats: 0.

CodeHeap 'non-profiled nmethods': size=120000Kb used=209Kb max_used=209Kb free=119790Kb
 bounds [0x000001a7c3d80000, 0x000001a7c3ff0000, 0x000001a7cb2b0000]
CodeHeap 'profiled nmethods': size=120000Kb used=1295Kb max_used=1295Kb free=118704Kb
 bounds [0x000001a7bc2b0000, 0x000001a7bc520000, 0x000001a7c37e0000]
CodeHeap 'non-nmethods': size=5760Kb used=1138Kb max_used=1155Kb free=4621Kb
 bounds [0x000001a7c37e0000, 0x000001a7c3a50000, 0x000001a7c3d80000]
 total_blobs=1140 nmethods=715 adapters=338
 compilation: enabled
              stopped_count=0, restarted_count=0
 full_count=0

Compilation events (20 events):
Event: 0.900 Thread 0x000001a7cff1fd00 nmethod 707 0x000001a7c3db1a90 code [0x000001a7c3db1c20, 0x000001a7c3db1cf8]
Event: 0.901 Thread 0x000001a7cff1fd00  708       3       jdk.internal.module.SystemModuleFinders$SystemModuleReader::find (59 bytes)
Event: 0.901 Thread 0x000001a7cff1fd00 nmethod 708 0x000001a7bc3eef10 code [0x000001a7bc3ef1c0, 0x000001a7bc3efde8]
Event: 0.901 Thread 0x000001a7cff1fd00  709       3       jdk.internal.module.SystemModuleFinders$SystemModuleReader::containsImageLocation (42 bytes)
Event: 0.902 Thread 0x000001a7cff1fd00 nmethod 709 0x000001a7bc3f0290 code [0x000001a7bc3f04a0, 0x000001a7bc3f0b78]
Event: 0.902 Thread 0x000001a7cff1fd00  710       3       sun.net.util.URLUtil::urlNoFragString (114 bytes)
Event: 0.903 Thread 0x000001a7cff1fd00 nmethod 710 0x000001a7bc3f0e10 code [0x000001a7bc3f1140, 0x000001a7bc3f2188]
Event: 0.903 Thread 0x000001a7cff1fd00  711       3       java.lang.String::codePointAt (50 bytes)
Event: 0.904 Thread 0x000001a7cff1fd00 nmethod 711 0x000001a7bc3f2710 code [0x000001a7bc3f2900, 0x000001a7bc3f2ca8]
Event: 0.904 Thread 0x000001a7cff1f340 nmethod 677 0x000001a7c3db1d90 code [0x000001a7c3db1f60, 0x000001a7c3db2998]
Event: 0.904 Thread 0x000001a7cff1f340  706  s!   4       jdk.internal.loader.URLClassPath::getLoader (194 bytes)
Event: 0.905 Thread 0x000001a7cff1fd00  712       3       java.util.jar.Attributes::getValue (9 bytes)
Event: 0.905 Thread 0x000001a7cff1fd00 nmethod 712 0x000001a7bc3f2e90 code [0x000001a7bc3f3040, 0x000001a7bc3f3368]
Event: 0.905 Thread 0x000001a7cff1fd00  713       3       java.util.jar.Attributes::get (11 bytes)
Event: 0.905 Thread 0x000001a7cff1fd00 nmethod 713 0x000001a7bc3f3490 code [0x000001a7bc3f3640, 0x000001a7bc3f3808]
Event: 0.906 Thread 0x000001a7cff1fd00  714       3       java.util.LinkedHashMap::get (29 bytes)
Event: 0.907 Thread 0x000001a7cff1fd00 nmethod 714 0x000001a7bc3f3910 code [0x000001a7bc3f3ac0, 0x000001a7bc3f3d18]
Event: 0.907 Thread 0x000001a7cff1fd00  715       3       java.net.URLStreamHandler::parseURL (1201 bytes)
Event: 0.908 Thread 0x000001a7cff1f340 nmethod 706 0x000001a7c3db3a10 code [0x000001a7c3db3bc0, 0x000001a7c3db4308]
Event: 0.908 Thread 0x000001a7cff1f340  678   !   4       java.util.zip.ZipFile::getEntry (59 bytes)

GC Heap History (2 events):
Event: 0.858 GC heap before
{Heap before GC invocations=0 (full 0):
 garbage-first heap   total 57344K, used 13312K [0x00000000c9400000, 0x0000000100000000)
  region size 1024K, 13 young (13312K), 0 survivors (0K)
 Metaspace       used 2348K, committed 2496K, reserved 1114112K
  class space    used 243K, committed 320K, reserved 1048576K
}
Event: 0.870 GC heap after
{Heap after GC invocations=1 (full 0):
 garbage-first heap   total 57344K, used 7744K [0x00000000c9400000, 0x0000000100000000)
  region size 1024K, 2 young (2048K), 2 survivors (2048K)
 Metaspace       used 2348K, committed 2496K, reserved 1114112K
  class space    used 243K, committed 320K, reserved 1048576K
}

Dll operation events (8 events):
Event: 0.018 Loaded shared library C:\Users\etudiant\.jdks\corretto-17.0.9\bin\java.dll
Event: 0.059 Loaded shared library C:\Users\etudiant\.jdks\corretto-17.0.9\bin\jsvml.dll
Event: 0.122 Loaded shared library C:\Users\etudiant\.jdks\corretto-17.0.9\bin\net.dll
Event: 0.126 Loaded shared library C:\Users\etudiant\.jdks\corretto-17.0.9\bin\nio.dll
Event: 0.130 Loaded shared library C:\Users\etudiant\.jdks\corretto-17.0.9\bin\zip.dll
Event: 0.220 Loaded shared library C:\Users\etudiant\.jdks\corretto-17.0.9\bin\management.dll
Event: 0.233 Loaded shared library C:\Users\etudiant\.jdks\corretto-17.0.9\bin\management_ext.dll
Event: 0.287 Loaded shared library C:\Users\etudiant\.jdks\corretto-17.0.9\bin\jimage.dll

Deoptimization events (20 events):
Event: 0.307 Thread 0x000001a7b2fb15f0 DEOPT PACKING pc=0x000001a7bc2db38c sp=0x000000344a6fe050
Event: 0.307 Thread 0x000001a7b2fb15f0 DEOPT UNPACKING pc=0x000001a7c3837143 sp=0x000000344a6fd4e0 mode 0
Event: 0.307 Thread 0x000001a7b2fb15f0 DEOPT PACKING pc=0x000001a7bc2db38c sp=0x000000344a6fe050
Event: 0.307 Thread 0x000001a7b2fb15f0 DEOPT UNPACKING pc=0x000001a7c3837143 sp=0x000000344a6fd4e0 mode 0
Event: 0.533 Thread 0x000001a7b2fb15f0 DEOPT PACKING pc=0x000001a7bc31785c sp=0x000000344a6fe190
Event: 0.533 Thread 0x000001a7b2fb15f0 DEOPT UNPACKING pc=0x000001a7c3837143 sp=0x000000344a6fd640 mode 0
Event: 0.637 Thread 0x000001a7b2fb15f0 Uncommon trap: trap_request=0xffffff45 fr.pc=0x000001a7c3d96be4 relative=0x0000000000000064
Event: 0.637 Thread 0x000001a7b2fb15f0 Uncommon trap: reason=unstable_if action=reinterpret pc=0x000001a7c3d96be4 method=java.io.WinNTFileSystem.isSlash(C)Z @ 9 c2
Event: 0.637 Thread 0x000001a7b2fb15f0 DEOPT PACKING pc=0x000001a7c3d96be4 sp=0x000000344a6fe7b0
Event: 0.637 Thread 0x000001a7b2fb15f0 DEOPT UNPACKING pc=0x000001a7c38369a3 sp=0x000000344a6fe738 mode 2
Event: 0.765 Thread 0x000001a7b2fb15f0 Uncommon trap: trap_request=0xffffff45 fr.pc=0x000001a7c3d875a0 relative=0x0000000000000400
Event: 0.765 Thread 0x000001a7b2fb15f0 Uncommon trap: reason=unstable_if action=reinterpret pc=0x000001a7c3d875a0 method=java.lang.StringLatin1.canEncode(I)Z @ 4 c2
Event: 0.765 Thread 0x000001a7b2fb15f0 DEOPT PACKING pc=0x000001a7c3d875a0 sp=0x000000344a6fe5d0
Event: 0.765 Thread 0x000001a7b2fb15f0 DEOPT UNPACKING pc=0x000001a7c38369a3 sp=0x000000344a6fe4f8 mode 2
Event: 0.765 Thread 0x000001a7b2fb15f0 Uncommon trap: trap_request=0xffffff45 fr.pc=0x000001a7c3d88e88 relative=0x00000000000003e8
Event: 0.765 Thread 0x000001a7b2fb15f0 Uncommon trap: reason=unstable_if action=reinterpret pc=0x000001a7c3d88e88 method=java.lang.AbstractStringBuilder.isLatin1()Z @ 10 c2
Event: 0.765 Thread 0x000001a7b2fb15f0 DEOPT PACKING pc=0x000001a7c3d88e88 sp=0x000000344a6fe570
Event: 0.765 Thread 0x000001a7b2fb15f0 DEOPT UNPACKING pc=0x000001a7c38369a3 sp=0x000000344a6fe4f0 mode 2
Event: 0.849 Thread 0x000001a7b2fb15f0 DEOPT PACKING pc=0x000001a7bc2e0fc8 sp=0x000000344a6fda60
Event: 0.849 Thread 0x000001a7b2fb15f0 DEOPT UNPACKING pc=0x000001a7c3837143 sp=0x000000344a6fcf20 mode 0

Classes unloaded (0 events):
No events

Classes redefined (0 events):
No events

Internal exceptions (5 events):
Event: 0.208 Thread 0x000001a7b2fb15f0 Exception <a 'java/lang/NoSuchMethodError'{0x00000000cc9875b8}: 'java.lang.Object java.lang.invoke.DirectMethodHandle$Holder.invokeStaticInit(java.lang.Object)'> (0x00000000cc9875b8) 
thrown [s\src\hotspot\share\interpreter\linkResolver.cpp, line 759]
Event: 0.255 Thread 0x000001a7b2fb15f0 Exception <a 'java/lang/NoSuchMethodError'{0x00000000cc9bda68}: 'int java.lang.invoke.DirectMethodHandle$Holder.invokeSpecial(java.lang.Object, java.lang.Object, java.lang.Object)'> (0x00000000cc9bda68) 
thrown [s\src\hotspot\share\interpreter\linkResolver.cpp, line 759]
Event: 0.832 Thread 0x000001a7b2fb15f0 Exception <a 'java/lang/NoSuchMethodError'{0x00000000cbf72308}: 'void java.lang.invoke.DirectMethodHandle$Holder.invokeStatic(java.lang.Object, java.lang.Object, java.lang.Object)'> (0x00000000cbf72308) 
thrown [s\src\hotspot\share\interpreter\linkResolver.cpp, line 759]
Event: 0.833 Thread 0x000001a7b2fb15f0 Exception <a 'java/lang/NoSuchMethodError'{0x00000000cbf7ad70}: 'void java.lang.invoke.DirectMethodHandle$Holder.invokeSpecial(java.lang.Object, java.lang.Object, java.lang.Object)'> (0x00000000cbf7ad70) 
thrown [s\src\hotspot\share\interpreter\linkResolver.cpp, line 759]
Event: 0.892 Thread 0x000001a7b2fb15f0 Exception <a 'java/lang/NoSuchMethodError'{0x00000000ccb53420}: 'java.lang.Object java.lang.invoke.DirectMethodHandle$Holder.invokeVirtual(java.lang.Object, java.lang.Object, java.lang.Object)'> (0x00000000ccb53420) 
thrown [s\src\hotspot\share\interpreter\linkResolver.cpp, line 759]

VM Operations (6 events):
Event: 0.131 Executing VM operation: HandshakeAllThreads
Event: 0.131 Executing VM operation: HandshakeAllThreads done
Event: 0.637 Executing VM operation: HandshakeAllThreads
Event: 0.637 Executing VM operation: HandshakeAllThreads done
Event: 0.858 Executing VM operation: G1CollectForAllocation
Event: 0.870 Executing VM operation: G1CollectForAllocation done

Events (20 events):
Event: 0.756 loading class java/util/spi/ResourceBundleProvider
Event: 0.757 loading class java/util/spi/ResourceBundleProvider done
Event: 0.757 loading class sun/util/resources/LocaleData$LocaleDataResourceBundleProvider done
Event: 0.757 loading class sun/util/resources/LocaleData$CommonResourceBundleProvider done
Event: 0.757 loading class sun/util/resources/Bundles$2
Event: 0.758 loading class sun/util/resources/Bundles$2 done
Event: 0.758 loading class java/lang/InstantiationException
Event: 0.759 loading class java/lang/InstantiationException done
Event: 0.759 loading class java/lang/IllegalAccessException
Event: 0.759 loading class java/lang/IllegalAccessException done
Event: 0.777 loading class java/lang/reflect/InvocationTargetException
Event: 0.777 loading class java/lang/reflect/InvocationTargetException done
Event: 0.781 loading class java/io/StringReader
Event: 0.782 loading class java/io/StringReader done
Event: 0.782 loading class java/io/UncheckedIOException
Event: 0.782 loading class java/io/UncheckedIOException done
Event: 0.822 loading class jdk/internal/loader/URLClassPath$FileLoader$1
Event: 0.822 loading class jdk/internal/loader/URLClassPath$FileLoader$1 done
Event: 0.834 loading class java/lang/invoke/DirectMethodHandle$Special
Event: 0.834 loading class java/lang/invoke/DirectMethodHandle$Special done


Dynamic libraries:
0x00007ff690bd0000 - 0x00007ff690bde000 	C:\Users\etudiant\.jdks\corretto-17.0.9\bin\java.exe
0x00007ffcc23b0000 - 0x00007ffcc25c7000 	C:\WINDOWS\SYSTEM32\ntdll.dll
0x00007ffc77f60000 - 0x00007ffc77f79000 	C:\Program Files\Avast Software\Avast\aswhook.dll
0x00007ffcc0800000 - 0x00007ffcc08c4000 	C:\WINDOWS\System32\KERNEL32.DLL
0x00007ffcbf770000 - 0x00007ffcbfb16000 	C:\WINDOWS\System32\KERNELBASE.dll
0x00007ffcbfe70000 - 0x00007ffcbff81000 	C:\WINDOWS\System32\ucrtbase.dll
0x00007ffc9c180000 - 0x00007ffc9c197000 	C:\Users\etudiant\.jdks\corretto-17.0.9\bin\jli.dll
0x00007ffcc1730000 - 0x00007ffcc18de000 	C:\WINDOWS\System32\USER32.dll
0x00007ffcbfd00000 - 0x00007ffcbfd26000 	C:\WINDOWS\System32\win32u.dll
0x00007ffcc0230000 - 0x00007ffcc0259000 	C:\WINDOWS\System32\GDI32.dll
0x00007ffcbfbe0000 - 0x00007ffcbfcf8000 	C:\WINDOWS\System32\gdi32full.dll
0x00007ffcbfd30000 - 0x00007ffcbfdca000 	C:\WINDOWS\System32\msvcp_win.dll
0x00007ffc9b8b0000 - 0x00007ffc9b8cb000 	C:\Users\etudiant\.jdks\corretto-17.0.9\bin\VCRUNTIME140.dll
0x00007ffc9ed00000 - 0x00007ffc9ef93000 	C:\WINDOWS\WinSxS\amd64_microsoft.windows.common-controls_6595b64144ccf1df_6.0.22621.2506_none_270c5ae97388e100\COMCTL32.dll
0x00007ffcc1cf0000 - 0x00007ffcc1d97000 	C:\WINDOWS\System32\msvcrt.dll
0x00007ffcc0100000 - 0x00007ffcc0131000 	C:\WINDOWS\System32\IMM32.DLL
0x00007ffc9b860000 - 0x00007ffc9b86c000 	C:\Users\etudiant\.jdks\corretto-17.0.9\bin\vcruntime140_1.dll
0x00007ffc93d80000 - 0x00007ffc93e0d000 	C:\Users\etudiant\.jdks\corretto-17.0.9\bin\msvcp140.dll
0x00007ffc69670000 - 0x00007ffc6a2d1000 	C:\Users\etudiant\.jdks\corretto-17.0.9\bin\server\jvm.dll
0x00007ffcc1c20000 - 0x00007ffcc1cd3000 	C:\WINDOWS\System32\ADVAPI32.dll
0x00007ffcc1e00000 - 0x00007ffcc1ea8000 	C:\WINDOWS\System32\sechost.dll
0x00007ffcbfe40000 - 0x00007ffcbfe68000 	C:\WINDOWS\System32\bcrypt.dll
0x00007ffcc0420000 - 0x00007ffcc0537000 	C:\WINDOWS\System32\RPCRT4.dll
0x00007ffcbf5c0000 - 0x00007ffcbf60d000 	C:\WINDOWS\SYSTEM32\POWRPROF.dll
0x00007ffcb6a90000 - 0x00007ffcb6ac4000 	C:\WINDOWS\SYSTEM32\WINMM.dll
0x00007ffcb8490000 - 0x00007ffcb849a000 	C:\WINDOWS\SYSTEM32\VERSION.dll
0x00007ffca53f0000 - 0x00007ffca53f9000 	C:\WINDOWS\SYSTEM32\WSOCK32.dll
0x00007ffcc18e0000 - 0x00007ffcc1951000 	C:\WINDOWS\System32\WS2_32.dll
0x00007ffcbf5a0000 - 0x00007ffcbf5b3000 	C:\WINDOWS\SYSTEM32\UMPDC.dll
0x00007ffcbe730000 - 0x00007ffcbe748000 	C:\WINDOWS\SYSTEM32\kernel.appcore.dll
0x00007ffc9b420000 - 0x00007ffc9b42a000 	C:\Users\etudiant\.jdks\corretto-17.0.9\bin\jimage.dll
0x00007ffcadb70000 - 0x00007ffcadda3000 	C:\WINDOWS\SYSTEM32\DBGHELP.DLL
0x00007ffcc1fe0000 - 0x00007ffcc2369000 	C:\WINDOWS\System32\combase.dll
0x00007ffcc0540000 - 0x00007ffcc0617000 	C:\WINDOWS\System32\OLEAUT32.dll
0x00007ffcad290000 - 0x00007ffcad2c2000 	C:\WINDOWS\SYSTEM32\dbgcore.DLL
0x00007ffcbf6f0000 - 0x00007ffcbf76a000 	C:\WINDOWS\System32\bcryptPrimitives.dll
0x00007ffc9b3f0000 - 0x00007ffc9b415000 	C:\Users\etudiant\.jdks\corretto-17.0.9\bin\java.dll
0x00007ffc91150000 - 0x00007ffc91227000 	C:\Users\etudiant\.jdks\corretto-17.0.9\bin\jsvml.dll
0x00007ffcc0ed0000 - 0x00007ffcc172b000 	C:\WINDOWS\System32\SHELL32.dll
0x00007ffcbd650000 - 0x00007ffcbdf46000 	C:\WINDOWS\SYSTEM32\windows.storage.dll
0x00007ffcbd510000 - 0x00007ffcbd64e000 	C:\WINDOWS\SYSTEM32\wintypes.dll
0x00007ffcc1980000 - 0x00007ffcc1a73000 	C:\WINDOWS\System32\SHCORE.dll
0x00007ffcc0140000 - 0x00007ffcc019e000 	C:\WINDOWS\System32\shlwapi.dll
0x00007ffcbf620000 - 0x00007ffcbf646000 	C:\WINDOWS\SYSTEM32\profapi.dll
0x00007ffc9b190000 - 0x00007ffc9b1a9000 	C:\Users\etudiant\.jdks\corretto-17.0.9\bin\net.dll
0x00007ffcb82b0000 - 0x00007ffcb83e7000 	C:\WINDOWS\SYSTEM32\WINHTTP.dll
0x00007ffcbebb0000 - 0x00007ffcbec19000 	C:\WINDOWS\system32\mswsock.dll
0x00007ffc93d60000 - 0x00007ffc93d76000 	C:\Users\etudiant\.jdks\corretto-17.0.9\bin\nio.dll
0x00007ffc93050000 - 0x00007ffc93068000 	C:\Users\etudiant\.jdks\corretto-17.0.9\bin\zip.dll
0x00007ffca7420000 - 0x00007ffca7429000 	C:\Users\etudiant\.jdks\corretto-17.0.9\bin\management.dll
0x00007ffca7240000 - 0x00007ffca724b000 	C:\Users\etudiant\.jdks\corretto-17.0.9\bin\management_ext.dll
0x00007ffcc1fd0000 - 0x00007ffcc1fd8000 	C:\WINDOWS\System32\PSAPI.DLL

dbghelp: loaded successfully - version: 4.0.5 - missing functions: none
symbol engine: initialized successfully - sym options: 0x614 - pdb path: .;C:\Users\etudiant\.jdks\corretto-17.0.9\bin;C:\WINDOWS\SYSTEM32;C:\Program Files\Avast Software\Avast;C:\WINDOWS\WinSxS\amd64_microsoft.windows.common-controls_6595b64144ccf1df_6.0.22621.2506_none_270c5ae97388e100;C:\Users\etudiant\.jdks\corretto-17.0.9\bin\server

VM Arguments:
java_command: C:\Users\etudiant\AppData\Local\Temp\surefire2075169383945241480\surefirebooter-20240219143837845_3.jar C:\Users\etudiant\AppData\Local\Temp\surefire2075169383945241480 2024-02-19T14-38-36_858-jvmRun1 surefire-20240219143837845_1tmp surefire_0-20240219143837845_2tmp
java_class_path (initial): C:\Users\etudiant\AppData\Local\Temp\surefire2075169383945241480\surefirebooter-20240219143837845_3.jar
Launcher Type: SUN_STANDARD

[Global flags]
     intx CICompilerCount                          = 3                                         {product} {ergonomic}
     uint ConcGCThreads                            = 1                                         {product} {ergonomic}
     uint G1ConcRefinementThreads                  = 4                                         {product} {ergonomic}
   size_t G1HeapRegionSize                         = 1048576                                   {product} {ergonomic}
    uintx GCDrainStackTargetSize                   = 64                                        {product} {ergonomic}
   size_t InitialHeapSize                          = 58720256                                  {product} {ergonomic}
   size_t MarkStackSize                            = 4194304                                   {product} {ergonomic}
   size_t MaxHeapSize                              = 918552576                                 {product} {ergonomic}
   size_t MaxNewSize                               = 550502400                                 {product} {ergonomic}
   size_t MinHeapDeltaBytes                        = 1048576                                   {product} {ergonomic}
   size_t MinHeapSize                              = 8388608                                   {product} {ergonomic}
    uintx NonNMethodCodeHeapSize                   = 5832780                                {pd product} {ergonomic}
    uintx NonProfiledCodeHeapSize                  = 122912730                              {pd product} {ergonomic}
    uintx ProfiledCodeHeapSize                     = 122912730                              {pd product} {ergonomic}
    uintx ReservedCodeCacheSize                    = 251658240                              {pd product} {ergonomic}
     bool SegmentedCodeCache                       = true                                      {product} {ergonomic}
   size_t SoftMaxHeapSize                          = 918552576                              {manageable} {ergonomic}
     bool UseCompressedClassPointers               = true                           {product lp64_product} {ergonomic}
     bool UseCompressedOops                        = true                           {product lp64_product} {ergonomic}
     bool UseG1GC                                  = true                                      {product} {ergonomic}
     bool UseLargePagesIndividualAllocation        = false                                  {pd product} {ergonomic}

Logging:
Log output configuration:
 #0: stdout all=warning uptime,level,tags
 #1: stderr all=off uptime,level,tags

Environment Variables:
JAVA_HOME=C:\REP\TP-JAVAEE\jdk-11.0.20
PATH=C:\Python312\Scripts\;C:\Python312\;C:\Python311\Scripts\;C:\Python311\;C:\WINDOWS\system32;C:\WINDOWS;C:\WINDOWS\System32\Wbem;C:\WINDOWS\System32\WindowsPowerShell\v1.0\;C:\WINDOWS\System32\OpenSSH\;C:\Program Files (x86)\IVI Foundation\VISA\WinNT\Bin\;C:\Program Files\IVI Foundation\VISA\Win64\Bin\;C:\Program Files (x86)\National Instruments\Shared\LabVIEW CLI;C:\Program Files (x86)\IVI Foundation\VISA\WinNT\Bin;C:\Program Files (x86)\PuTTY\;C:\ProgramData\chocolatey\bin;C:\Program Files\Git\cmd;C:\Program Files\Azure Data Studio\bin;C:\Program Files\OpenJDK\apache-maven-3.9.2;C:\Program Files\Microsoft SQL Server\Client SDK\ODBC\170\Tools\Binn\;C:\Program Files (x86)\Microsoft SQL Server\150\Tools\Binn\;C:\Program Files\Microsoft SQL Server\150\Tools\Binn\;C:\Program Files\Microsoft SQL Server\150\DTS\Binn\;C:\Program Files (x86)\Microsoft SQL Server\160\DTS\Binn\;C:\sqlite;C:\Program Files\MySQL\MySQL Server 8.1;C:\Program Files\nodejs\;C:\Program Files\OpenJDK\apache-maven-3.9.2;C:\Users\etudiant\AppData\Local\Programs\Microsoft VS Code\bin;C:\Users\etudiant\AppData\Local\Microsoft\WindowsApps;C:\Program Files\MongoDB\Server\5.0\bin;C:\Program Files\MongoDB\mongodb-database-tools-windows-x86_64-100.8.0\bin;C:\Users\etudiant\Downloads\apache-maven-3.9.5-bin\apache-maven-3.9.5\bin;C:\Users\etudiant\Downloads\mysql-connector-j-8.0.33\mysql-connector-j-8.0.33;C:\Program Files\JetBrains\IntelliJ IDEA 2023.2.5\bin;;C:\REP\TP-JAVAEE\jdk-11.0.20\bin;C:\Users\etudiant\AppData\Roaming\npm
USERNAME=etudiant
OS=Windows_NT
PROCESSOR_IDENTIFIER=AMD64 Family 23 Model 24 Stepping 1, AuthenticAMD
TMP=C:\Users\etudiant\AppData\Local\Temp
TEMP=C:\Users\etudiant\AppData\Local\Temp



Periodic native trim disabled


---------------  S Y S T E M  ---------------

OS:
 Windows 11 , 64 bit Build 22621 (10.0.22621.3085)
OS uptime: 0 days 4:41 hours

CPU: total 4 (initial active 4) (4 cores per cpu, 2 threads per core) family 23 model 24 stepping 1 microcode 0x0, cx8, cmov, fxsr, ht, mmx, 3dnowpref, sse, sse2, sse3, ssse3, sse4a, sse4.1, sse4.2, popcnt, lzcnt, tsc, tscinvbit, avx, avx2, aes, clmul, bmi1, bmi2, adx, sha, fma, vzeroupper, clflush, clflushopt
Processor Information for all 4 processors :
  Max Mhz: 2400, Current Mhz: 2400, Mhz Limit: 2400

Memory: 4k page, system-wide physical 3498M (200M free)
TotalPageFile size 14250M (AvailPageFile size 0M)
current process WorkingSet (physical memory assigned to process): 64M, peak: 64M
current process commit charge ("private bytes"): 137M, peak: 137M

vm_info: OpenJDK 64-Bit Server VM (17.0.9+8-LTS) for windows-amd64 JRE (17.0.9+8-LTS), built on Oct 12 2023 16:15:33 by "Administrator" with MS VC++ 16.10 / 16.11 (VS2019)

END.
