#
# There is insufficient memory for the Java Runtime Environment to continue.
# Native memory allocation (malloc) failed to allocate 32744 bytes for ChunkPool::allocate
# Possible reasons:
#   The system is out of physical RAM or swap space
#   The process is running with CompressedOops enabled, and the Java Heap may be blocking the growth of the native heap
# Possible solutions:
#   Reduce memory load on the system
#   Increase physical memory or swap space
#   Check if swap backing store is full
#   Decrease Java heap size (-Xmx/-Xms)
#   Decrease number of Java threads
#   Decrease Java thread stack sizes (-Xss)
#   Set larger code cache with -XX:ReservedCodeCacheSize=
#   JVM is running with Unscaled Compressed Oops mode in which the Java heap is
#     placed in the first 4GB address space. The Java Heap base address is the
#     maximum limit for the native heap growth. Please use -XX:HeapBaseMinAddress
#     to set the Java Heap base and to place the Java Heap above 4GB virtual address.
# This output file may be truncated or incomplete.
#
#  Out of Memory Error (arena.cpp:79), pid=13636, tid=1616
#
# JRE version: OpenJDK Runtime Environment Corretto-17.0.9.8.1 (17.0.9+8) (build 17.0.9+8-LTS)
# Java VM: OpenJDK 64-Bit Server VM Corretto-17.0.9.8.1 (17.0.9+8-LTS, mixed mode, sharing, tiered, compressed oops, compressed class ptrs, g1 gc, windows-amd64)
# No core dump will be written. Minidumps are not enabled by default on client versions of Windows
#

---------------  S U M M A R Y ------------

Command Line: -Dmaven.multiModuleProjectDirectory=C:\gestionstockpharmaci\demo (4)\demo -Djansi.passthrough=true -Dmaven.home=C:\Program Files\JetBrains\IntelliJ IDEA 2023.2.5\plugins\maven\lib\maven3 -Dclassworlds.conf=C:\Program Files\JetBrains\IntelliJ IDEA 2023.2.5\plugins\maven\lib\maven3\bin\m2.conf -Dmaven.ext.class.path=C:\Program Files\JetBrains\IntelliJ IDEA 2023.2.5\plugins\maven\lib\maven-event-listener.jar -javaagent:C:\Program Files\JetBrains\IntelliJ IDEA 2023.2.5\lib\idea_rt.jar=52747:C:\Program Files\JetBrains\IntelliJ IDEA 2023.2.5\bin -Dfile.encoding=UTF-8 org.codehaus.classworlds.Launcher -Didea.version=2023.2.5 install

Host: AMD Athlon 300U with Radeon Vega Mobile Gfx    , 4 cores, 3G,  Windows 11 , 64 bit Build 22621 (10.0.22621.3085)
Time: Mon Feb 19 14:38:39 2024 Paris, Madrid elapsed time: 44.857314 seconds (0d 0h 0m 44s)

---------------  T H R E A D  ---------------

Current thread (0x000001ad7e883800):  JavaThread "C2 CompilerThread0" daemon [_thread_in_native, id=1616, stack(0x000000985c600000,0x000000985c700000)]


Current CompileTask:
C2:  44857 8011   !   4       java.lang.ClassLoader::loadClass (121 bytes)

Stack: [0x000000985c600000,0x000000985c700000]
Native frames: (J=compiled Java code, j=interpreted, Vv=VM code, C=native code)
V  [jvm.dll+0x67cb49]
V  [jvm.dll+0x8344da]
V  [jvm.dll+0x835f9e]
V  [jvm.dll+0x836603]
V  [jvm.dll+0x247b5f]
V  [jvm.dll+0xac65c]
V  [jvm.dll+0xaca8c]
V  [jvm.dll+0x36bf82]
V  [jvm.dll+0x566949]
V  [jvm.dll+0x331009]
V  [jvm.dll+0x33047a]
V  [jvm.dll+0x21a201]
V  [jvm.dll+0x219621]
V  [jvm.dll+0x1a56cd]
V  [jvm.dll+0x2293ee]
V  [jvm.dll+0x2275bc]
V  [jvm.dll+0x7e95a7]
V  [jvm.dll+0x7e396a]
V  [jvm.dll+0x67ba35]
C  [ucrtbase.dll+0x29363]
C  [KERNEL32.DLL+0x1257d]
C  [ntdll.dll+0x5aa58]


---------------  P R O C E S S  ---------------

Threads class SMR info:
_java_thread_list=0x000001ad558794a0, length=19, elements={
0x000001ad70922580, 0x000001ad7e8687e0, 0x000001ad7e869660, 0x000001ad7e87dcb0,
0x000001ad7e880780, 0x000001ad7e881140, 0x000001ad7e882b10, 0x000001ad7e883800,
0x000001ad7e8dd310, 0x000001ad7e900810, 0x000001ad7e85d6a0, 0x000001ad7eb8c400,
0x000001ad7ebb0fe0, 0x000001ad555821d0, 0x000001ad55d82fe0, 0x000001ad55d834f0,
0x000001ad55d7dee0, 0x000001ad55d80760, 0x000001ad55d7ee10
}

Java Threads: ( => current thread )
  0x000001ad70922580 JavaThread "main" [_thread_in_native, id=14176, stack(0x000000985b900000,0x000000985ba00000)]
  0x000001ad7e8687e0 JavaThread "Reference Handler" daemon [_thread_blocked, id=4248, stack(0x000000985c000000,0x000000985c100000)]
  0x000001ad7e869660 JavaThread "Finalizer" daemon [_thread_blocked, id=7856, stack(0x000000985c100000,0x000000985c200000)]
  0x000001ad7e87dcb0 JavaThread "Signal Dispatcher" daemon [_thread_blocked, id=14568, stack(0x000000985c200000,0x000000985c300000)]
  0x000001ad7e880780 JavaThread "Attach Listener" daemon [_thread_blocked, id=3568, stack(0x000000985c300000,0x000000985c400000)]
  0x000001ad7e881140 JavaThread "Service Thread" daemon [_thread_blocked, id=11824, stack(0x000000985c400000,0x000000985c500000)]
  0x000001ad7e882b10 JavaThread "Monitor Deflation Thread" daemon [_thread_blocked, id=13104, stack(0x000000985c500000,0x000000985c600000)]
=>0x000001ad7e883800 JavaThread "C2 CompilerThread0" daemon [_thread_in_native, id=1616, stack(0x000000985c600000,0x000000985c700000)]
  0x000001ad7e8dd310 JavaThread "C1 CompilerThread0" daemon [_thread_blocked, id=13788, stack(0x000000985c700000,0x000000985c800000)]
  0x000001ad7e900810 JavaThread "Sweeper thread" daemon [_thread_blocked, id=15556, stack(0x000000985c800000,0x000000985c900000)]
  0x000001ad7e85d6a0 JavaThread "Common-Cleaner" daemon [_thread_blocked, id=17468, stack(0x000000985c900000,0x000000985ca00000)]
  0x000001ad7eb8c400 JavaThread "Monitor Ctrl-Break" daemon [_thread_in_native, id=17628, stack(0x000000985ca00000,0x000000985cb00000)]
  0x000001ad7ebb0fe0 JavaThread "Notification Thread" daemon [_thread_blocked, id=12080, stack(0x000000985cb00000,0x000000985cc00000)]
  0x000001ad555821d0 JavaThread "timeout-check-timer" daemon [_thread_blocked, id=9592, stack(0x000000985d100000,0x000000985d200000)]
  0x000001ad55d82fe0 JavaThread "ping-timer-10s" daemon [_thread_blocked, id=17384, stack(0x000000985d200000,0x000000985d300000)]
  0x000001ad55d834f0 JavaThread "ThreadedStreamConsumer" daemon [_thread_blocked, id=14376, stack(0x000000985d300000,0x000000985d400000)]
  0x000001ad55d7dee0 JavaThread "fork-1-err-thread" daemon [_thread_in_native, id=14008, stack(0x000000985d400000,0x000000985d500000)]
  0x000001ad55d80760 JavaThread "commands-fork-1" daemon [_thread_blocked, id=12744, stack(0x000000985d500000,0x000000985d600000)]
  0x000001ad55d7ee10 JavaThread "fork-1-event-thread" daemon [_thread_in_native, id=13964, stack(0x000000985d600000,0x000000985d700000)]

Other Threads:
  0x000001ad709bebd0 VMThread "VM Thread" [stack: 0x000000985bf00000,0x000000985c000000] [id=12844]
  0x000001ad7eb8c8e0 WatcherThread [stack: 0x000000985cc00000,0x000000985cd00000] [id=17232]
  0x000001ad70958da0 GCTaskThread "GC Thread#0" [stack: 0x000000985ba00000,0x000000985bb00000] [id=984]
  0x000001ad7efd6450 GCTaskThread "GC Thread#1" [stack: 0x000000985cd00000,0x000000985ce00000] [id=5056]
  0x000001ad7efd6e90 GCTaskThread "GC Thread#2" [stack: 0x000000985ce00000,0x000000985cf00000] [id=5340]
  0x000001ad7ef8a070 GCTaskThread "GC Thread#3" [stack: 0x000000985cf00000,0x000000985d000000] [id=10608]
  0x000001ad70960b40 ConcurrentGCThread "G1 Main Marker" [stack: 0x000000985bb00000,0x000000985bc00000] [id=1216]
  0x000001ad70961d00 ConcurrentGCThread "G1 Conc#0" [stack: 0x000000985bc00000,0x000000985bd00000] [id=14984]
  0x000001ad7099ecb0 ConcurrentGCThread "G1 Refine#0" [stack: 0x000000985bd00000,0x000000985be00000] [id=16792]
  0x000001ad7099f6e0 ConcurrentGCThread "G1 Service" [stack: 0x000000985be00000,0x000000985bf00000] [id=16968]

Threads with active compile tasks:
C2 CompilerThread0    44932 8011   !   4       java.lang.ClassLoader::loadClass (121 bytes)

VM state: not at safepoint (normal execution)

VM Mutex/Monitor currently owned by a thread: None

Heap address: 0x00000000c9400000, size: 876 MB, Compressed Oops mode: 32-bit

CDS archive(s) mapped at: [0x000001ad0f000000-0x000001ad0fba0000-0x000001ad0fba0000), size 12189696, SharedBaseAddress: 0x000001ad0f000000, ArchiveRelocationMode: 1.
Compressed class space mapped at: 0x000001ad10000000-0x000001ad50000000, reserved size: 1073741824
Narrow klass base: 0x000001ad0f000000, Narrow klass shift: 0, Narrow klass range: 0x100000000

GC Precious Log:
 CPUs: 4 total, 4 available
 Memory: 3498M
 Large Page Support: Disabled
 NUMA Support: Disabled
 Compressed Oops: Enabled (32-bit)
 Heap Region Size: 1M
 Heap Min Capacity: 8M
 Heap Initial Capacity: 56M
 Heap Max Capacity: 876M
 Pre-touch: Disabled
 Parallel Workers: 4
 Concurrent Workers: 1
 Concurrent Refinement Workers: 4
 Periodic GC: Disabled

Heap:
 garbage-first heap   total 257024K, used 80658K [0x00000000c9400000, 0x0000000100000000)
  region size 1024K, 22 young (22528K), 1 survivors (1024K)
 Metaspace       used 39859K, committed 40256K, reserved 1114112K
  class space    used 4593K, committed 4736K, reserved 1048576K

Heap Regions: E=young(eden), S=young(survivor), O=old, HS=humongous(starts), HC=humongous(continues), CS=collection set, F=free, OA=open archive, CA=closed archive, TAMS=top-at-mark-start (previous, next)
|   0|0x00000000c9400000, 0x00000000c9500000, 0x00000000c9500000|100%| O|  |TAMS 0x00000000c9500000, 0x00000000c9400000| Untracked 
|   1|0x00000000c9500000, 0x00000000c9600000, 0x00000000c9600000|100%| O|  |TAMS 0x00000000c9600000, 0x00000000c9500000| Untracked 
|   2|0x00000000c9600000, 0x00000000c9700000, 0x00000000c9700000|100%| O|  |TAMS 0x00000000c9700000, 0x00000000c9600000| Untracked 
|   3|0x00000000c9700000, 0x00000000c9800000, 0x00000000c9800000|100%| O|  |TAMS 0x00000000c9800000, 0x00000000c9700000| Untracked 
|   4|0x00000000c9800000, 0x00000000c9900000, 0x00000000c9900000|100%| O|  |TAMS 0x00000000c9900000, 0x00000000c9800000| Untracked 
|   5|0x00000000c9900000, 0x00000000c9a00000, 0x00000000c9a00000|100%| O|  |TAMS 0x00000000c9a00000, 0x00000000c9900000| Untracked 
|   6|0x00000000c9a00000, 0x00000000c9b00000, 0x00000000c9b00000|100%| O|  |TAMS 0x00000000c9b00000, 0x00000000c9a00000| Untracked 
|   7|0x00000000c9b00000, 0x00000000c9c00000, 0x00000000c9c00000|100%| O|  |TAMS 0x00000000c9c00000, 0x00000000c9b00000| Untracked 
|   8|0x00000000c9c00000, 0x00000000c9d00000, 0x00000000c9d00000|100%| O|  |TAMS 0x00000000c9d00000, 0x00000000c9c00000| Untracked 
|   9|0x00000000c9d00000, 0x00000000c9e00000, 0x00000000c9e00000|100%| O|  |TAMS 0x00000000c9e00000, 0x00000000c9d00000| Untracked 
|  10|0x00000000c9e00000, 0x00000000c9f00000, 0x00000000c9f00000|100%| O|  |TAMS 0x00000000c9f00000, 0x00000000c9e00000| Untracked 
|  11|0x00000000c9f00000, 0x00000000ca000000, 0x00000000ca000000|100%| O|  |TAMS 0x00000000ca000000, 0x00000000c9f00000| Untracked 
|  12|0x00000000ca000000, 0x00000000ca100000, 0x00000000ca100000|100%| O|  |TAMS 0x00000000ca100000, 0x00000000ca000000| Untracked 
|  13|0x00000000ca100000, 0x00000000ca200000, 0x00000000ca200000|100%| O|  |TAMS 0x00000000ca200000, 0x00000000ca100000| Untracked 
|  14|0x00000000ca200000, 0x00000000ca300000, 0x00000000ca300000|100%| O|  |TAMS 0x00000000ca300000, 0x00000000ca200000| Untracked 
|  15|0x00000000ca300000, 0x00000000ca400000, 0x00000000ca400000|100%| O|  |TAMS 0x00000000ca400000, 0x00000000ca300000| Untracked 
|  16|0x00000000ca400000, 0x00000000ca500000, 0x00000000ca500000|100%| O|  |TAMS 0x00000000ca500000, 0x00000000ca400000| Untracked 
|  17|0x00000000ca500000, 0x00000000ca600000, 0x00000000ca600000|100%| O|  |TAMS 0x00000000ca600000, 0x00000000ca500000| Untracked 
|  18|0x00000000ca600000, 0x00000000ca700000, 0x00000000ca700000|100%| O|  |TAMS 0x00000000ca700000, 0x00000000ca600000| Untracked 
|  19|0x00000000ca700000, 0x00000000ca800000, 0x00000000ca800000|100%| O|  |TAMS 0x00000000ca800000, 0x00000000ca700000| Untracked 
|  20|0x00000000ca800000, 0x00000000ca900000, 0x00000000ca900000|100%| O|  |TAMS 0x00000000ca800000, 0x00000000ca800000| Untracked 
|  21|0x00000000ca900000, 0x00000000caa00000, 0x00000000caa00000|100%|HS|  |TAMS 0x00000000caa00000, 0x00000000ca900000| Complete 
|  22|0x00000000caa00000, 0x00000000cab00000, 0x00000000cab00000|100%|HC|  |TAMS 0x00000000cab00000, 0x00000000caa00000| Complete 
|  23|0x00000000cab00000, 0x00000000cac00000, 0x00000000cac00000|100%| O|  |TAMS 0x00000000cac00000, 0x00000000cab00000| Untracked 
|  24|0x00000000cac00000, 0x00000000cad00000, 0x00000000cad00000|100%|HS|  |TAMS 0x00000000cad00000, 0x00000000cac00000| Complete 
|  25|0x00000000cad00000, 0x00000000cad00000, 0x00000000cae00000|  0%| F|  |TAMS 0x00000000cad00000, 0x00000000cad00000| Untracked 
|  26|0x00000000cae00000, 0x00000000caf00000, 0x00000000caf00000|100%| O|  |TAMS 0x00000000cae00000, 0x00000000cae00000| Untracked 
|  27|0x00000000caf00000, 0x00000000caf00000, 0x00000000cb000000|  0%| F|  |TAMS 0x00000000caf00000, 0x00000000caf00000| Untracked 
|  28|0x00000000cb000000, 0x00000000cb100000, 0x00000000cb100000|100%| O|  |TAMS 0x00000000cb100000, 0x00000000cb000000| Untracked 
|  29|0x00000000cb100000, 0x00000000cb200000, 0x00000000cb200000|100%| O|  |TAMS 0x00000000cb200000, 0x00000000cb100000| Untracked 
|  30|0x00000000cb200000, 0x00000000cb300000, 0x00000000cb300000|100%| O|  |TAMS 0x00000000cb300000, 0x00000000cb200000| Untracked 
|  31|0x00000000cb300000, 0x00000000cb400000, 0x00000000cb400000|100%| O|  |TAMS 0x00000000cb400000, 0x00000000cb300000| Untracked 
|  32|0x00000000cb400000, 0x00000000cb500000, 0x00000000cb500000|100%| O|  |TAMS 0x00000000cb500000, 0x00000000cb400000| Untracked 
|  33|0x00000000cb500000, 0x00000000cb600000, 0x00000000cb600000|100%| O|  |TAMS 0x00000000cb600000, 0x00000000cb500000| Untracked 
|  34|0x00000000cb600000, 0x00000000cb600000, 0x00000000cb700000|  0%| F|  |TAMS 0x00000000cb600000, 0x00000000cb600000| Untracked 
|  35|0x00000000cb700000, 0x00000000cb800000, 0x00000000cb800000|100%| O|  |TAMS 0x00000000cb800000, 0x00000000cb700000| Untracked 
|  36|0x00000000cb800000, 0x00000000cb900000, 0x00000000cb900000|100%| O|  |TAMS 0x00000000cb900000, 0x00000000cb800000| Untracked 
|  37|0x00000000cb900000, 0x00000000cba00000, 0x00000000cba00000|100%| O|  |TAMS 0x00000000cba00000, 0x00000000cb900000| Untracked 
|  38|0x00000000cba00000, 0x00000000cbb00000, 0x00000000cbb00000|100%| O|  |TAMS 0x00000000cbb00000, 0x00000000cba00000| Untracked 
|  39|0x00000000cbb00000, 0x00000000cbc00000, 0x00000000cbc00000|100%| O|  |TAMS 0x00000000cbc00000, 0x00000000cbb00000| Untracked 
|  40|0x00000000cbc00000, 0x00000000cbc00000, 0x00000000cbd00000|  0%| F|  |TAMS 0x00000000cbc00000, 0x00000000cbc00000| Untracked 
|  41|0x00000000cbd00000, 0x00000000cbe00000, 0x00000000cbe00000|100%| O|  |TAMS 0x00000000cbe00000, 0x00000000cbd00000| Untracked 
|  42|0x00000000cbe00000, 0x00000000cbe00000, 0x00000000cbf00000|  0%| F|  |TAMS 0x00000000cbe00000, 0x00000000cbe00000| Untracked 
|  43|0x00000000cbf00000, 0x00000000cc000000, 0x00000000cc000000|100%|HS|  |TAMS 0x00000000cc000000, 0x00000000cbf00000| Complete 
|  44|0x00000000cc000000, 0x00000000cc100000, 0x00000000cc100000|100%|HC|  |TAMS 0x00000000cc100000, 0x00000000cc000000| Complete 
|  45|0x00000000cc100000, 0x00000000cc200000, 0x00000000cc200000|100%| O|  |TAMS 0x00000000cc100000, 0x00000000cc100000| Untracked 
|  46|0x00000000cc200000, 0x00000000cc300000, 0x00000000cc300000|100%| O|  |TAMS 0x00000000cc300000, 0x00000000cc200000| Untracked 
|  47|0x00000000cc300000, 0x00000000cc400000, 0x00000000cc400000|100%| O|  |TAMS 0x00000000cc400000, 0x00000000cc300000| Untracked 
|  48|0x00000000cc400000, 0x00000000cc500000, 0x00000000cc500000|100%| O|  |TAMS 0x00000000cc500000, 0x00000000cc400000| Untracked 
|  49|0x00000000cc500000, 0x00000000cc600000, 0x00000000cc600000|100%| O|  |TAMS 0x00000000cc600000, 0x00000000cc500000| Untracked 
|  50|0x00000000cc600000, 0x00000000cc700000, 0x00000000cc700000|100%| O|  |TAMS 0x00000000cc663a00, 0x00000000cc600000| Untracked 
|  51|0x00000000cc700000, 0x00000000cc800000, 0x00000000cc800000|100%| O|  |TAMS 0x00000000cc700000, 0x00000000cc700000| Untracked 
|  52|0x00000000cc800000, 0x00000000cc900000, 0x00000000cc900000|100%|HS|  |TAMS 0x00000000cc800000, 0x00000000cc800000| Complete 
|  53|0x00000000cc900000, 0x00000000cca00000, 0x00000000cca00000|100%| O|  |TAMS 0x00000000cc900000, 0x00000000cc900000| Untracked 
|  54|0x00000000cca00000, 0x00000000ccb00000, 0x00000000ccb00000|100%|HS|  |TAMS 0x00000000cca00000, 0x00000000cca00000| Complete 
|  55|0x00000000ccb00000, 0x00000000ccc00000, 0x00000000ccc00000|100%| O|  |TAMS 0x00000000ccb00000, 0x00000000ccb00000| Untracked 
|  56|0x00000000ccc00000, 0x00000000ccd00000, 0x00000000ccd00000|100%| O|  |TAMS 0x00000000ccc00000, 0x00000000ccc00000| Untracked 
|  57|0x00000000ccd00000, 0x00000000cce00000, 0x00000000cce00000|100%| O|  |TAMS 0x00000000ccd00000, 0x00000000ccd00000| Untracked 
|  58|0x00000000cce00000, 0x00000000ccf00000, 0x00000000ccf00000|100%| O|  |TAMS 0x00000000cce00000, 0x00000000cce00000| Untracked 
|  59|0x00000000ccf00000, 0x00000000cd000000, 0x00000000cd000000|100%| O|  |TAMS 0x00000000ccf00000, 0x00000000ccf00000| Untracked 
|  60|0x00000000cd000000, 0x00000000cd100000, 0x00000000cd100000|100%| O|  |TAMS 0x00000000cd000000, 0x00000000cd000000| Untracked 
|  61|0x00000000cd100000, 0x00000000cd121800, 0x00000000cd200000| 13%| O|  |TAMS 0x00000000cd100000, 0x00000000cd100000| Untracked 
|  62|0x00000000cd200000, 0x00000000cd200000, 0x00000000cd300000|  0%| F|  |TAMS 0x00000000cd200000, 0x00000000cd200000| Untracked 
|  63|0x00000000cd300000, 0x00000000cd300000, 0x00000000cd400000|  0%| F|  |TAMS 0x00000000cd300000, 0x00000000cd300000| Untracked 
|  64|0x00000000cd400000, 0x00000000cd400000, 0x00000000cd500000|  0%| F|  |TAMS 0x00000000cd400000, 0x00000000cd400000| Untracked 
|  65|0x00000000cd500000, 0x00000000cd500000, 0x00000000cd600000|  0%| F|  |TAMS 0x00000000cd500000, 0x00000000cd500000| Untracked 
|  66|0x00000000cd600000, 0x00000000cd600000, 0x00000000cd700000|  0%| F|  |TAMS 0x00000000cd600000, 0x00000000cd600000| Untracked 
|  67|0x00000000cd700000, 0x00000000cd700000, 0x00000000cd800000|  0%| F|  |TAMS 0x00000000cd700000, 0x00000000cd700000| Untracked 
|  68|0x00000000cd800000, 0x00000000cd800000, 0x00000000cd900000|  0%| F|  |TAMS 0x00000000cd800000, 0x00000000cd800000| Untracked 
|  69|0x00000000cd900000, 0x00000000cd900000, 0x00000000cda00000|  0%| F|  |TAMS 0x00000000cd900000, 0x00000000cd900000| Untracked 
|  70|0x00000000cda00000, 0x00000000cda00000, 0x00000000cdb00000|  0%| F|  |TAMS 0x00000000cda00000, 0x00000000cda00000| Untracked 
|  71|0x00000000cdb00000, 0x00000000cdb00000, 0x00000000cdc00000|  0%| F|  |TAMS 0x00000000cdb00000, 0x00000000cdb00000| Untracked 
|  72|0x00000000cdc00000, 0x00000000cdc00000, 0x00000000cdd00000|  0%| F|  |TAMS 0x00000000cdc00000, 0x00000000cdc00000| Untracked 
|  73|0x00000000cdd00000, 0x00000000cdd00000, 0x00000000cde00000|  0%| F|  |TAMS 0x00000000cdd00000, 0x00000000cdd00000| Untracked 
|  74|0x00000000cde00000, 0x00000000cde00000, 0x00000000cdf00000|  0%| F|  |TAMS 0x00000000cde00000, 0x00000000cde00000| Untracked 
|  75|0x00000000cdf00000, 0x00000000cdf00000, 0x00000000ce000000|  0%| F|  |TAMS 0x00000000cdf00000, 0x00000000cdf00000| Untracked 
|  76|0x00000000ce000000, 0x00000000ce000000, 0x00000000ce100000|  0%| F|  |TAMS 0x00000000ce000000, 0x00000000ce000000| Untracked 
|  77|0x00000000ce100000, 0x00000000ce100000, 0x00000000ce200000|  0%| F|  |TAMS 0x00000000ce100000, 0x00000000ce100000| Untracked 
|  78|0x00000000ce200000, 0x00000000ce200000, 0x00000000ce300000|  0%| F|  |TAMS 0x00000000ce200000, 0x00000000ce200000| Untracked 
|  79|0x00000000ce300000, 0x00000000ce300000, 0x00000000ce400000|  0%| F|  |TAMS 0x00000000ce300000, 0x00000000ce300000| Untracked 
|  80|0x00000000ce400000, 0x00000000ce400000, 0x00000000ce500000|  0%| F|  |TAMS 0x00000000ce400000, 0x00000000ce400000| Untracked 
|  81|0x00000000ce500000, 0x00000000ce500000, 0x00000000ce600000|  0%| F|  |TAMS 0x00000000ce500000, 0x00000000ce500000| Untracked 
|  82|0x00000000ce600000, 0x00000000ce600000, 0x00000000ce700000|  0%| F|  |TAMS 0x00000000ce600000, 0x00000000ce600000| Untracked 
|  83|0x00000000ce700000, 0x00000000ce700000, 0x00000000ce800000|  0%| F|  |TAMS 0x00000000ce700000, 0x00000000ce700000| Untracked 
|  84|0x00000000ce800000, 0x00000000ce800000, 0x00000000ce900000|  0%| F|  |TAMS 0x00000000ce800000, 0x00000000ce800000| Untracked 
|  85|0x00000000ce900000, 0x00000000ce900000, 0x00000000cea00000|  0%| F|  |TAMS 0x00000000ce900000, 0x00000000ce900000| Untracked 
|  86|0x00000000cea00000, 0x00000000cea00000, 0x00000000ceb00000|  0%| F|  |TAMS 0x00000000cea00000, 0x00000000cea00000| Untracked 
|  87|0x00000000ceb00000, 0x00000000ceb00000, 0x00000000cec00000|  0%| F|  |TAMS 0x00000000ceb00000, 0x00000000ceb00000| Untracked 
|  88|0x00000000cec00000, 0x00000000cec00000, 0x00000000ced00000|  0%| F|  |TAMS 0x00000000cec00000, 0x00000000cec00000| Untracked 
|  89|0x00000000ced00000, 0x00000000ced00000, 0x00000000cee00000|  0%| F|  |TAMS 0x00000000ced00000, 0x00000000ced00000| Untracked 
|  90|0x00000000cee00000, 0x00000000cee00000, 0x00000000cef00000|  0%| F|  |TAMS 0x00000000cee00000, 0x00000000cee00000| Untracked 
|  91|0x00000000cef00000, 0x00000000cef00000, 0x00000000cf000000|  0%| F|  |TAMS 0x00000000cef00000, 0x00000000cef00000| Untracked 
|  92|0x00000000cf000000, 0x00000000cf000000, 0x00000000cf100000|  0%| F|  |TAMS 0x00000000cf000000, 0x00000000cf000000| Untracked 
|  93|0x00000000cf100000, 0x00000000cf100000, 0x00000000cf200000|  0%| F|  |TAMS 0x00000000cf100000, 0x00000000cf100000| Untracked 
|  94|0x00000000cf200000, 0x00000000cf200000, 0x00000000cf300000|  0%| F|  |TAMS 0x00000000cf200000, 0x00000000cf200000| Untracked 
|  95|0x00000000cf300000, 0x00000000cf300000, 0x00000000cf400000|  0%| F|  |TAMS 0x00000000cf300000, 0x00000000cf300000| Untracked 
|  96|0x00000000cf400000, 0x00000000cf400000, 0x00000000cf500000|  0%| F|  |TAMS 0x00000000cf400000, 0x00000000cf400000| Untracked 
|  97|0x00000000cf500000, 0x00000000cf500000, 0x00000000cf600000|  0%| F|  |TAMS 0x00000000cf500000, 0x00000000cf500000| Untracked 
|  98|0x00000000cf600000, 0x00000000cf600000, 0x00000000cf700000|  0%| F|  |TAMS 0x00000000cf600000, 0x00000000cf600000| Untracked 
|  99|0x00000000cf700000, 0x00000000cf700000, 0x00000000cf800000|  0%| F|  |TAMS 0x00000000cf700000, 0x00000000cf700000| Untracked 
| 100|0x00000000cf800000, 0x00000000cf800000, 0x00000000cf900000|  0%| F|  |TAMS 0x00000000cf800000, 0x00000000cf800000| Untracked 
| 101|0x00000000cf900000, 0x00000000cf900000, 0x00000000cfa00000|  0%| F|  |TAMS 0x00000000cf900000, 0x00000000cf900000| Untracked 
| 102|0x00000000cfa00000, 0x00000000cfa00000, 0x00000000cfb00000|  0%| F|  |TAMS 0x00000000cfa00000, 0x00000000cfa00000| Untracked 
| 103|0x00000000cfb00000, 0x00000000cfb00000, 0x00000000cfc00000|  0%| F|  |TAMS 0x00000000cfb00000, 0x00000000cfb00000| Untracked 
| 104|0x00000000cfc00000, 0x00000000cfc00000, 0x00000000cfd00000|  0%| F|  |TAMS 0x00000000cfc00000, 0x00000000cfc00000| Untracked 
| 105|0x00000000cfd00000, 0x00000000cfd00000, 0x00000000cfe00000|  0%| F|  |TAMS 0x00000000cfd00000, 0x00000000cfd00000| Untracked 
| 106|0x00000000cfe00000, 0x00000000cfe00000, 0x00000000cff00000|  0%| F|  |TAMS 0x00000000cfe00000, 0x00000000cfe00000| Untracked 
| 107|0x00000000cff00000, 0x00000000cff00000, 0x00000000d0000000|  0%| F|  |TAMS 0x00000000cff00000, 0x00000000cff00000| Untracked 
| 108|0x00000000d0000000, 0x00000000d0000000, 0x00000000d0100000|  0%| F|  |TAMS 0x00000000d0000000, 0x00000000d0000000| Untracked 
| 109|0x00000000d0100000, 0x00000000d0100000, 0x00000000d0200000|  0%| F|  |TAMS 0x00000000d0100000, 0x00000000d0100000| Untracked 
| 110|0x00000000d0200000, 0x00000000d0200000, 0x00000000d0300000|  0%| F|  |TAMS 0x00000000d0200000, 0x00000000d0200000| Untracked 
| 111|0x00000000d0300000, 0x00000000d0300000, 0x00000000d0400000|  0%| F|  |TAMS 0x00000000d0300000, 0x00000000d0300000| Untracked 
| 112|0x00000000d0400000, 0x00000000d0400000, 0x00000000d0500000|  0%| F|  |TAMS 0x00000000d0400000, 0x00000000d0400000| Untracked 
| 113|0x00000000d0500000, 0x00000000d0500000, 0x00000000d0600000|  0%| F|  |TAMS 0x00000000d0500000, 0x00000000d0500000| Untracked 
| 114|0x00000000d0600000, 0x00000000d0600000, 0x00000000d0700000|  0%| F|  |TAMS 0x00000000d0600000, 0x00000000d0600000| Untracked 
| 115|0x00000000d0700000, 0x00000000d0700000, 0x00000000d0800000|  0%| F|  |TAMS 0x00000000d0700000, 0x00000000d0700000| Untracked 
| 116|0x00000000d0800000, 0x00000000d0800000, 0x00000000d0900000|  0%| F|  |TAMS 0x00000000d0800000, 0x00000000d0800000| Untracked 
| 117|0x00000000d0900000, 0x00000000d0900000, 0x00000000d0a00000|  0%| F|  |TAMS 0x00000000d0900000, 0x00000000d0900000| Untracked 
| 118|0x00000000d0a00000, 0x00000000d0a00000, 0x00000000d0b00000|  0%| F|  |TAMS 0x00000000d0a00000, 0x00000000d0a00000| Untracked 
| 119|0x00000000d0b00000, 0x00000000d0b00000, 0x00000000d0c00000|  0%| F|  |TAMS 0x00000000d0b00000, 0x00000000d0b00000| Untracked 
| 120|0x00000000d0c00000, 0x00000000d0c00000, 0x00000000d0d00000|  0%| F|  |TAMS 0x00000000d0c00000, 0x00000000d0c00000| Untracked 
| 121|0x00000000d0d00000, 0x00000000d0d00000, 0x00000000d0e00000|  0%| F|  |TAMS 0x00000000d0d00000, 0x00000000d0d00000| Untracked 
| 122|0x00000000d0e00000, 0x00000000d0e00000, 0x00000000d0f00000|  0%| F|  |TAMS 0x00000000d0e00000, 0x00000000d0e00000| Untracked 
| 123|0x00000000d0f00000, 0x00000000d0f00000, 0x00000000d1000000|  0%| F|  |TAMS 0x00000000d0f00000, 0x00000000d0f00000| Untracked 
| 124|0x00000000d1000000, 0x00000000d1000000, 0x00000000d1100000|  0%| F|  |TAMS 0x00000000d1000000, 0x00000000d1000000| Untracked 
| 125|0x00000000d1100000, 0x00000000d1100000, 0x00000000d1200000|  0%| F|  |TAMS 0x00000000d1100000, 0x00000000d1100000| Untracked 
| 126|0x00000000d1200000, 0x00000000d1200000, 0x00000000d1300000|  0%| F|  |TAMS 0x00000000d1200000, 0x00000000d1200000| Untracked 
| 127|0x00000000d1300000, 0x00000000d1300000, 0x00000000d1400000|  0%| F|  |TAMS 0x00000000d1300000, 0x00000000d1300000| Untracked 
| 128|0x00000000d1400000, 0x00000000d1400000, 0x00000000d1500000|  0%| F|  |TAMS 0x00000000d1400000, 0x00000000d1400000| Untracked 
| 129|0x00000000d1500000, 0x00000000d1500000, 0x00000000d1600000|  0%| F|  |TAMS 0x00000000d1500000, 0x00000000d1500000| Untracked 
| 130|0x00000000d1600000, 0x00000000d1600000, 0x00000000d1700000|  0%| F|  |TAMS 0x00000000d1600000, 0x00000000d1600000| Untracked 
| 131|0x00000000d1700000, 0x00000000d1700000, 0x00000000d1800000|  0%| F|  |TAMS 0x00000000d1700000, 0x00000000d1700000| Untracked 
| 132|0x00000000d1800000, 0x00000000d1800000, 0x00000000d1900000|  0%| F|  |TAMS 0x00000000d1800000, 0x00000000d1800000| Untracked 
| 133|0x00000000d1900000, 0x00000000d1900000, 0x00000000d1a00000|  0%| F|  |TAMS 0x00000000d1900000, 0x00000000d1900000| Untracked 
| 134|0x00000000d1a00000, 0x00000000d1a00000, 0x00000000d1b00000|  0%| F|  |TAMS 0x00000000d1a00000, 0x00000000d1a00000| Untracked 
| 135|0x00000000d1b00000, 0x00000000d1b00000, 0x00000000d1c00000|  0%| F|  |TAMS 0x00000000d1b00000, 0x00000000d1b00000| Untracked 
| 136|0x00000000d1c00000, 0x00000000d1c00000, 0x00000000d1d00000|  0%| F|  |TAMS 0x00000000d1c00000, 0x00000000d1c00000| Untracked 
| 137|0x00000000d1d00000, 0x00000000d1d00000, 0x00000000d1e00000|  0%| F|  |TAMS 0x00000000d1d00000, 0x00000000d1d00000| Untracked 
| 138|0x00000000d1e00000, 0x00000000d1e00000, 0x00000000d1f00000|  0%| F|  |TAMS 0x00000000d1e00000, 0x00000000d1e00000| Untracked 
| 139|0x00000000d1f00000, 0x00000000d1f00000, 0x00000000d2000000|  0%| F|  |TAMS 0x00000000d1f00000, 0x00000000d1f00000| Untracked 
| 140|0x00000000d2000000, 0x00000000d2000000, 0x00000000d2100000|  0%| F|  |TAMS 0x00000000d2000000, 0x00000000d2000000| Untracked 
| 141|0x00000000d2100000, 0x00000000d2100000, 0x00000000d2200000|  0%| F|  |TAMS 0x00000000d2100000, 0x00000000d2100000| Untracked 
| 142|0x00000000d2200000, 0x00000000d2200000, 0x00000000d2300000|  0%| F|  |TAMS 0x00000000d2200000, 0x00000000d2200000| Untracked 
| 143|0x00000000d2300000, 0x00000000d2300000, 0x00000000d2400000|  0%| F|  |TAMS 0x00000000d2300000, 0x00000000d2300000| Untracked 
| 144|0x00000000d2400000, 0x00000000d2400000, 0x00000000d2500000|  0%| F|  |TAMS 0x00000000d2400000, 0x00000000d2400000| Untracked 
| 145|0x00000000d2500000, 0x00000000d2500000, 0x00000000d2600000|  0%| F|  |TAMS 0x00000000d2500000, 0x00000000d2500000| Untracked 
| 146|0x00000000d2600000, 0x00000000d2600000, 0x00000000d2700000|  0%| F|  |TAMS 0x00000000d2600000, 0x00000000d2600000| Untracked 
| 147|0x00000000d2700000, 0x00000000d2700000, 0x00000000d2800000|  0%| F|  |TAMS 0x00000000d2700000, 0x00000000d2700000| Untracked 
| 148|0x00000000d2800000, 0x00000000d2800000, 0x00000000d2900000|  0%| F|  |TAMS 0x00000000d2800000, 0x00000000d2800000| Untracked 
| 149|0x00000000d2900000, 0x00000000d2900000, 0x00000000d2a00000|  0%| F|  |TAMS 0x00000000d2900000, 0x00000000d2900000| Untracked 
| 150|0x00000000d2a00000, 0x00000000d2a00000, 0x00000000d2b00000|  0%| F|  |TAMS 0x00000000d2a00000, 0x00000000d2a00000| Untracked 
| 151|0x00000000d2b00000, 0x00000000d2b00000, 0x00000000d2c00000|  0%| F|  |TAMS 0x00000000d2b00000, 0x00000000d2b00000| Untracked 
| 152|0x00000000d2c00000, 0x00000000d2c00000, 0x00000000d2d00000|  0%| F|  |TAMS 0x00000000d2c00000, 0x00000000d2c00000| Untracked 
| 153|0x00000000d2d00000, 0x00000000d2d00000, 0x00000000d2e00000|  0%| F|  |TAMS 0x00000000d2d00000, 0x00000000d2d00000| Untracked 
| 154|0x00000000d2e00000, 0x00000000d2e00000, 0x00000000d2f00000|  0%| F|  |TAMS 0x00000000d2e00000, 0x00000000d2e00000| Untracked 
| 155|0x00000000d2f00000, 0x00000000d2f00000, 0x00000000d3000000|  0%| F|  |TAMS 0x00000000d2f00000, 0x00000000d2f00000| Untracked 
| 156|0x00000000d3000000, 0x00000000d3000000, 0x00000000d3100000|  0%| F|  |TAMS 0x00000000d3000000, 0x00000000d3000000| Untracked 
| 157|0x00000000d3100000, 0x00000000d3100000, 0x00000000d3200000|  0%| F|  |TAMS 0x00000000d3100000, 0x00000000d3100000| Untracked 
| 158|0x00000000d3200000, 0x00000000d3200000, 0x00000000d3300000|  0%| F|  |TAMS 0x00000000d3200000, 0x00000000d3200000| Untracked 
| 159|0x00000000d3300000, 0x00000000d3300000, 0x00000000d3400000|  0%| F|  |TAMS 0x00000000d3300000, 0x00000000d3300000| Untracked 
| 160|0x00000000d3400000, 0x00000000d3400000, 0x00000000d3500000|  0%| F|  |TAMS 0x00000000d3400000, 0x00000000d3400000| Untracked 
| 161|0x00000000d3500000, 0x00000000d3500000, 0x00000000d3600000|  0%| F|  |TAMS 0x00000000d3500000, 0x00000000d3500000| Untracked 
| 162|0x00000000d3600000, 0x00000000d3600000, 0x00000000d3700000|  0%| F|  |TAMS 0x00000000d3600000, 0x00000000d3600000| Untracked 
| 163|0x00000000d3700000, 0x00000000d3700000, 0x00000000d3800000|  0%| F|  |TAMS 0x00000000d3700000, 0x00000000d3700000| Untracked 
| 164|0x00000000d3800000, 0x00000000d3800000, 0x00000000d3900000|  0%| F|  |TAMS 0x00000000d3800000, 0x00000000d3800000| Untracked 
| 165|0x00000000d3900000, 0x00000000d3900000, 0x00000000d3a00000|  0%| F|  |TAMS 0x00000000d3900000, 0x00000000d3900000| Untracked 
| 166|0x00000000d3a00000, 0x00000000d3a00000, 0x00000000d3b00000|  0%| F|  |TAMS 0x00000000d3a00000, 0x00000000d3a00000| Untracked 
| 167|0x00000000d3b00000, 0x00000000d3b00000, 0x00000000d3c00000|  0%| F|  |TAMS 0x00000000d3b00000, 0x00000000d3b00000| Untracked 
| 168|0x00000000d3c00000, 0x00000000d3c00000, 0x00000000d3d00000|  0%| F|  |TAMS 0x00000000d3c00000, 0x00000000d3c00000| Untracked 
| 169|0x00000000d3d00000, 0x00000000d3d00000, 0x00000000d3e00000|  0%| F|  |TAMS 0x00000000d3d00000, 0x00000000d3d00000| Untracked 
| 170|0x00000000d3e00000, 0x00000000d3e00000, 0x00000000d3f00000|  0%| F|  |TAMS 0x00000000d3e00000, 0x00000000d3e00000| Untracked 
| 171|0x00000000d3f00000, 0x00000000d3f00000, 0x00000000d4000000|  0%| F|  |TAMS 0x00000000d3f00000, 0x00000000d3f00000| Untracked 
| 172|0x00000000d4000000, 0x00000000d4000000, 0x00000000d4100000|  0%| F|  |TAMS 0x00000000d4000000, 0x00000000d4000000| Untracked 
| 173|0x00000000d4100000, 0x00000000d4100000, 0x00000000d4200000|  0%| F|  |TAMS 0x00000000d4100000, 0x00000000d4100000| Untracked 
| 174|0x00000000d4200000, 0x00000000d4200000, 0x00000000d4300000|  0%| F|  |TAMS 0x00000000d4200000, 0x00000000d4200000| Untracked 
| 175|0x00000000d4300000, 0x00000000d4300000, 0x00000000d4400000|  0%| F|  |TAMS 0x00000000d4300000, 0x00000000d4300000| Untracked 
| 176|0x00000000d4400000, 0x00000000d4400000, 0x00000000d4500000|  0%| F|  |TAMS 0x00000000d4400000, 0x00000000d4400000| Untracked 
| 177|0x00000000d4500000, 0x00000000d4500000, 0x00000000d4600000|  0%| F|  |TAMS 0x00000000d4500000, 0x00000000d4500000| Untracked 
| 178|0x00000000d4600000, 0x00000000d4600000, 0x00000000d4700000|  0%| F|  |TAMS 0x00000000d4600000, 0x00000000d4600000| Untracked 
| 179|0x00000000d4700000, 0x00000000d4700000, 0x00000000d4800000|  0%| F|  |TAMS 0x00000000d4700000, 0x00000000d4700000| Untracked 
| 180|0x00000000d4800000, 0x00000000d4800000, 0x00000000d4900000|  0%| F|  |TAMS 0x00000000d4800000, 0x00000000d4800000| Untracked 
| 181|0x00000000d4900000, 0x00000000d4900000, 0x00000000d4a00000|  0%| F|  |TAMS 0x00000000d4900000, 0x00000000d4900000| Untracked 
| 182|0x00000000d4a00000, 0x00000000d4a00000, 0x00000000d4b00000|  0%| F|  |TAMS 0x00000000d4a00000, 0x00000000d4a00000| Untracked 
| 183|0x00000000d4b00000, 0x00000000d4b00000, 0x00000000d4c00000|  0%| F|  |TAMS 0x00000000d4b00000, 0x00000000d4b00000| Untracked 
| 184|0x00000000d4c00000, 0x00000000d4c00000, 0x00000000d4d00000|  0%| F|  |TAMS 0x00000000d4c00000, 0x00000000d4c00000| Untracked 
| 185|0x00000000d4d00000, 0x00000000d4d00000, 0x00000000d4e00000|  0%| F|  |TAMS 0x00000000d4d00000, 0x00000000d4d00000| Untracked 
| 186|0x00000000d4e00000, 0x00000000d4e00000, 0x00000000d4f00000|  0%| F|  |TAMS 0x00000000d4e00000, 0x00000000d4e00000| Untracked 
| 187|0x00000000d4f00000, 0x00000000d4f00000, 0x00000000d5000000|  0%| F|  |TAMS 0x00000000d4f00000, 0x00000000d4f00000| Untracked 
| 188|0x00000000d5000000, 0x00000000d5000000, 0x00000000d5100000|  0%| F|  |TAMS 0x00000000d5000000, 0x00000000d5000000| Untracked 
| 189|0x00000000d5100000, 0x00000000d5100000, 0x00000000d5200000|  0%| F|  |TAMS 0x00000000d5100000, 0x00000000d5100000| Untracked 
| 190|0x00000000d5200000, 0x00000000d5200000, 0x00000000d5300000|  0%| F|  |TAMS 0x00000000d5200000, 0x00000000d5200000| Untracked 
| 191|0x00000000d5300000, 0x00000000d5300000, 0x00000000d5400000|  0%| F|  |TAMS 0x00000000d5300000, 0x00000000d5300000| Untracked 
| 192|0x00000000d5400000, 0x00000000d5400000, 0x00000000d5500000|  0%| F|  |TAMS 0x00000000d5400000, 0x00000000d5400000| Untracked 
| 193|0x00000000d5500000, 0x00000000d5500000, 0x00000000d5600000|  0%| F|  |TAMS 0x00000000d5500000, 0x00000000d5500000| Untracked 
| 194|0x00000000d5600000, 0x00000000d5600000, 0x00000000d5700000|  0%| F|  |TAMS 0x00000000d5600000, 0x00000000d5600000| Untracked 
| 195|0x00000000d5700000, 0x00000000d5700000, 0x00000000d5800000|  0%| F|  |TAMS 0x00000000d5700000, 0x00000000d5700000| Untracked 
| 196|0x00000000d5800000, 0x00000000d5800000, 0x00000000d5900000|  0%| F|  |TAMS 0x00000000d5800000, 0x00000000d5800000| Untracked 
| 197|0x00000000d5900000, 0x00000000d5900000, 0x00000000d5a00000|  0%| F|  |TAMS 0x00000000d5900000, 0x00000000d5900000| Untracked 
| 198|0x00000000d5a00000, 0x00000000d5a00000, 0x00000000d5b00000|  0%| F|  |TAMS 0x00000000d5a00000, 0x00000000d5a00000| Untracked 
| 199|0x00000000d5b00000, 0x00000000d5b00000, 0x00000000d5c00000|  0%| F|  |TAMS 0x00000000d5b00000, 0x00000000d5b00000| Untracked 
| 200|0x00000000d5c00000, 0x00000000d5c00000, 0x00000000d5d00000|  0%| F|  |TAMS 0x00000000d5c00000, 0x00000000d5c00000| Untracked 
| 201|0x00000000d5d00000, 0x00000000d5d00000, 0x00000000d5e00000|  0%| F|  |TAMS 0x00000000d5d00000, 0x00000000d5d00000| Untracked 
| 202|0x00000000d5e00000, 0x00000000d5e00000, 0x00000000d5f00000|  0%| F|  |TAMS 0x00000000d5e00000, 0x00000000d5e00000| Untracked 
| 203|0x00000000d5f00000, 0x00000000d5f00000, 0x00000000d6000000|  0%| F|  |TAMS 0x00000000d5f00000, 0x00000000d5f00000| Untracked 
| 204|0x00000000d6000000, 0x00000000d6000000, 0x00000000d6100000|  0%| F|  |TAMS 0x00000000d6000000, 0x00000000d6000000| Untracked 
| 205|0x00000000d6100000, 0x00000000d6100000, 0x00000000d6200000|  0%| F|  |TAMS 0x00000000d6100000, 0x00000000d6100000| Untracked 
| 206|0x00000000d6200000, 0x00000000d6200000, 0x00000000d6300000|  0%| F|  |TAMS 0x00000000d6200000, 0x00000000d6200000| Untracked 
| 207|0x00000000d6300000, 0x00000000d6300000, 0x00000000d6400000|  0%| F|  |TAMS 0x00000000d6300000, 0x00000000d6300000| Untracked 
| 208|0x00000000d6400000, 0x00000000d6400000, 0x00000000d6500000|  0%| F|  |TAMS 0x00000000d6400000, 0x00000000d6400000| Untracked 
| 209|0x00000000d6500000, 0x00000000d6500000, 0x00000000d6600000|  0%| F|  |TAMS 0x00000000d6500000, 0x00000000d6500000| Untracked 
| 210|0x00000000d6600000, 0x00000000d6600000, 0x00000000d6700000|  0%| F|  |TAMS 0x00000000d6600000, 0x00000000d6600000| Untracked 
| 211|0x00000000d6700000, 0x00000000d6700000, 0x00000000d6800000|  0%| F|  |TAMS 0x00000000d6700000, 0x00000000d6700000| Untracked 
| 212|0x00000000d6800000, 0x00000000d6800000, 0x00000000d6900000|  0%| F|  |TAMS 0x00000000d6800000, 0x00000000d6800000| Untracked 
| 213|0x00000000d6900000, 0x00000000d6900000, 0x00000000d6a00000|  0%| F|  |TAMS 0x00000000d6900000, 0x00000000d6900000| Untracked 
| 214|0x00000000d6a00000, 0x00000000d6a00000, 0x00000000d6b00000|  0%| F|  |TAMS 0x00000000d6a00000, 0x00000000d6a00000| Untracked 
| 215|0x00000000d6b00000, 0x00000000d6b00000, 0x00000000d6c00000|  0%| F|  |TAMS 0x00000000d6b00000, 0x00000000d6b00000| Untracked 
| 216|0x00000000d6c00000, 0x00000000d6c00000, 0x00000000d6d00000|  0%| F|  |TAMS 0x00000000d6c00000, 0x00000000d6c00000| Untracked 
| 217|0x00000000d6d00000, 0x00000000d6d00000, 0x00000000d6e00000|  0%| F|  |TAMS 0x00000000d6d00000, 0x00000000d6d00000| Untracked 
| 218|0x00000000d6e00000, 0x00000000d6e00000, 0x00000000d6f00000|  0%| F|  |TAMS 0x00000000d6e00000, 0x00000000d6e00000| Untracked 
| 219|0x00000000d6f00000, 0x00000000d6f00000, 0x00000000d7000000|  0%| F|  |TAMS 0x00000000d6f00000, 0x00000000d6f00000| Untracked 
| 220|0x00000000d7000000, 0x00000000d7000000, 0x00000000d7100000|  0%| F|  |TAMS 0x00000000d7000000, 0x00000000d7000000| Untracked 
| 221|0x00000000d7100000, 0x00000000d7100000, 0x00000000d7200000|  0%| F|  |TAMS 0x00000000d7100000, 0x00000000d7100000| Untracked 
| 222|0x00000000d7200000, 0x00000000d7200000, 0x00000000d7300000|  0%| F|  |TAMS 0x00000000d7200000, 0x00000000d7200000| Untracked 
| 223|0x00000000d7300000, 0x00000000d7300000, 0x00000000d7400000|  0%| F|  |TAMS 0x00000000d7300000, 0x00000000d7300000| Untracked 
| 224|0x00000000d7400000, 0x00000000d7400000, 0x00000000d7500000|  0%| F|  |TAMS 0x00000000d7400000, 0x00000000d7400000| Untracked 
| 225|0x00000000d7500000, 0x00000000d7500000, 0x00000000d7600000|  0%| F|  |TAMS 0x00000000d7500000, 0x00000000d7500000| Untracked 
| 226|0x00000000d7600000, 0x00000000d7600000, 0x00000000d7700000|  0%| F|  |TAMS 0x00000000d7600000, 0x00000000d7600000| Untracked 
| 227|0x00000000d7700000, 0x00000000d7800000, 0x00000000d7800000|100%| E|  |TAMS 0x00000000d7700000, 0x00000000d7700000| Complete 
| 228|0x00000000d7800000, 0x00000000d7900000, 0x00000000d7900000|100%| E|CS|TAMS 0x00000000d7800000, 0x00000000d7800000| Complete 
| 229|0x00000000d7900000, 0x00000000d7a00000, 0x00000000d7a00000|100%| E|CS|TAMS 0x00000000d7900000, 0x00000000d7900000| Complete 
| 230|0x00000000d7a00000, 0x00000000d7b00000, 0x00000000d7b00000|100%| E|CS|TAMS 0x00000000d7a00000, 0x00000000d7a00000| Complete 
| 231|0x00000000d7b00000, 0x00000000d7c00000, 0x00000000d7c00000|100%| E|CS|TAMS 0x00000000d7b00000, 0x00000000d7b00000| Complete 
| 232|0x00000000d7c00000, 0x00000000d7d00000, 0x00000000d7d00000|100%| E|CS|TAMS 0x00000000d7c00000, 0x00000000d7c00000| Complete 
| 233|0x00000000d7d00000, 0x00000000d7e00000, 0x00000000d7e00000|100%| E|CS|TAMS 0x00000000d7d00000, 0x00000000d7d00000| Complete 
| 234|0x00000000d7e00000, 0x00000000d7f00000, 0x00000000d7f00000|100%| E|CS|TAMS 0x00000000d7e00000, 0x00000000d7e00000| Complete 
| 235|0x00000000d7f00000, 0x00000000d8000000, 0x00000000d8000000|100%| E|CS|TAMS 0x00000000d7f00000, 0x00000000d7f00000| Complete 
| 236|0x00000000d8000000, 0x00000000d8100000, 0x00000000d8100000|100%| E|CS|TAMS 0x00000000d8000000, 0x00000000d8000000| Complete 
| 237|0x00000000d8100000, 0x00000000d8200000, 0x00000000d8200000|100%| E|CS|TAMS 0x00000000d8100000, 0x00000000d8100000| Complete 
| 238|0x00000000d8200000, 0x00000000d8300000, 0x00000000d8300000|100%| E|CS|TAMS 0x00000000d8200000, 0x00000000d8200000| Complete 
| 239|0x00000000d8300000, 0x00000000d8400000, 0x00000000d8400000|100%| E|CS|TAMS 0x00000000d8300000, 0x00000000d8300000| Complete 
| 240|0x00000000d8400000, 0x00000000d8500000, 0x00000000d8500000|100%| E|CS|TAMS 0x00000000d8400000, 0x00000000d8400000| Complete 
| 241|0x00000000d8500000, 0x00000000d8600000, 0x00000000d8600000|100%| E|CS|TAMS 0x00000000d8500000, 0x00000000d8500000| Complete 
| 242|0x00000000d8600000, 0x00000000d8700000, 0x00000000d8700000|100%| E|CS|TAMS 0x00000000d8600000, 0x00000000d8600000| Complete 
| 243|0x00000000d8700000, 0x00000000d87a3338, 0x00000000d8800000| 63%| S|CS|TAMS 0x00000000d8700000, 0x00000000d8700000| Complete 
| 244|0x00000000d8800000, 0x00000000d8900000, 0x00000000d8900000|100%| E|CS|TAMS 0x00000000d8800000, 0x00000000d8800000| Complete 
| 245|0x00000000d8900000, 0x00000000d8a00000, 0x00000000d8a00000|100%| E|CS|TAMS 0x00000000d8900000, 0x00000000d8900000| Complete 
| 246|0x00000000d8a00000, 0x00000000d8b00000, 0x00000000d8b00000|100%| E|CS|TAMS 0x00000000d8a00000, 0x00000000d8a00000| Complete 
| 247|0x00000000d8b00000, 0x00000000d8c00000, 0x00000000d8c00000|100%| E|CS|TAMS 0x00000000d8b00000, 0x00000000d8b00000| Complete 
| 248|0x00000000d8c00000, 0x00000000d8d00000, 0x00000000d8d00000|100%| E|CS|TAMS 0x00000000d8c00000, 0x00000000d8c00000| Complete 
| 874|0x00000000ffe00000, 0x00000000fff00000, 0x00000000fff00000|100%| O|  |TAMS 0x00000000fff00000, 0x00000000ffe00000| Untracked 
| 875|0x00000000fff00000, 0x0000000100000000, 0x0000000100000000|100%| O|  |TAMS 0x0000000100000000, 0x00000000fff00000| Untracked 

Card table byte_map: [0x000001ad7a3d0000,0x000001ad7a590000] _byte_map_base: 0x000001ad79d86000

Marking Bits (Prev, Next): (CMBitMap*) 0x000001ad709593c0, (CMBitMap*) 0x000001ad70959400
 Prev Bits: [0x000001ad7a750000, 0x000001ad7b500000)
 Next Bits: [0x000001ad7b500000, 0x000001ad7c2b0000)

Polling page: 0x000001ad79bc0000

Metaspace:

Usage:
  Non-class:     34.44 MB used.
      Class:      4.49 MB used.
       Both:     38.93 MB used.

Virtual space:
  Non-class space:       64.00 MB reserved,      34.69 MB ( 54%) committed,  1 nodes.
      Class space:        1.00 GB reserved,       4.62 MB ( <1%) committed,  1 nodes.
             Both:        1.06 GB reserved,      39.31 MB (  4%) committed. 

Chunk freelists:
   Non-Class:  12.55 MB
       Class:  11.25 MB
        Both:  23.80 MB

MaxMetaspaceSize: unlimited
CompressedClassSpaceSize: 1.00 GB
Initial GC threshold: 21.00 MB
Current GC threshold: 60.56 MB
CDS: on
MetaspaceReclaimPolicy: balanced
 - commit_granule_bytes: 65536.
 - commit_granule_words: 8192.
 - virtual_space_node_default_size: 8388608.
 - enlarge_chunks_in_place: 1.
 - new_chunks_are_fully_committed: 0.
 - uncommit_free_chunks: 1.
 - use_allocation_guard: 0.
 - handle_deallocations: 1.


Internal statistics:

num_allocs_failed_limit: 3.
num_arena_births: 276.
num_arena_deaths: 6.
num_vsnodes_births: 2.
num_vsnodes_deaths: 0.
num_space_committed: 646.
num_space_uncommitted: 17.
num_chunks_returned_to_freelist: 89.
num_chunks_taken_from_freelist: 1663.
num_chunk_merges: 20.
num_chunk_splits: 1113.
num_chunks_enlarged: 847.
num_inconsistent_stats: 0.

CodeHeap 'non-profiled nmethods': size=120000Kb used=4083Kb max_used=4083Kb free=115916Kb
 bounds [0x000001ad07ad0000, 0x000001ad07ed0000, 0x000001ad0f000000]
CodeHeap 'profiled nmethods': size=120000Kb used=15590Kb max_used=15590Kb free=104409Kb
 bounds [0x000001ad00000000, 0x000001ad00f40000, 0x000001ad07530000]
CodeHeap 'non-nmethods': size=5760Kb used=1294Kb max_used=1317Kb free=4465Kb
 bounds [0x000001ad07530000, 0x000001ad077a0000, 0x000001ad07ad0000]
 total_blobs=7791 nmethods=7176 adapters=527
 compilation: enabled
              stopped_count=0, restarted_count=0
 full_count=0

Compilation events (20 events):
Event: 43.772 Thread 0x000001ad7e8dd310 8074       3       java.util.HashMap::putVal (300 bytes)
Event: 43.773 Thread 0x000001ad7e8dd310 nmethod 8074 0x000001ad00f32d10 code [0x000001ad00f32fc0, 0x000001ad00f34218]
Event: 43.774 Thread 0x000001ad7e8dd310 8075       3       java.util.HashMap::put (13 bytes)
Event: 43.774 Thread 0x000001ad7e8dd310 nmethod 8075 0x000001ad00f34710 code [0x000001ad00f348c0, 0x000001ad00f34bb8]
Event: 43.788 Thread 0x000001ad7e8dd310 8076       3       java.lang.ProcessEnvironment$CheckedEntrySet$1::next (5 bytes)
Event: 43.789 Thread 0x000001ad7e8dd310 nmethod 8076 0x000001ad00f34d10 code [0x000001ad00f34ee0, 0x000001ad00f353c8]
Event: 43.789 Thread 0x000001ad7e8dd310 8077       3       java.lang.ProcessEnvironment$CheckedEntry::getKey (5 bytes)
Event: 43.789 Thread 0x000001ad7e8dd310 nmethod 8077 0x000001ad00f35590 code [0x000001ad00f35740, 0x000001ad00f35a88]
Event: 43.789 Thread 0x000001ad7e8dd310 8078       3       java.lang.ProcessEnvironment$NameComparator::compare (90 bytes)
Event: 43.791 Thread 0x000001ad7e8dd310 nmethod 8078 0x000001ad00f35b90 code [0x000001ad00f35ea0, 0x000001ad00f37198]
Event: 43.791 Thread 0x000001ad7e8dd310 8079       3       java.lang.ProcessEnvironment$EntryComparator::compare (13 bytes)
Event: 43.792 Thread 0x000001ad7e8dd310 nmethod 8079 0x000001ad00f37a90 code [0x000001ad00f37c80, 0x000001ad00f383e8]
Event: 43.870 Thread 0x000001ad7e8dd310 8082       3       java.util.zip.CRC32::update (51 bytes)
Event: 43.871 Thread 0x000001ad7e8dd310 nmethod 8082 0x000001ad00f38590 code [0x000001ad00f38780, 0x000001ad00f38c08]
Event: 43.895 Thread 0x000001ad7e8dd310 8083       3       java.lang.invoke.SimpleMethodHandle::make (10 bytes)
Event: 43.895 Thread 0x000001ad7e8dd310 nmethod 8083 0x000001ad00f38e10 code [0x000001ad00f38fc0, 0x000001ad00f391c8]
Event: 43.895 Thread 0x000001ad7e8dd310 8084       3       java.lang.invoke.SimpleMethodHandle::<init> (7 bytes)
Event: 43.895 Thread 0x000001ad7e8dd310 nmethod 8084 0x000001ad00f39310 code [0x000001ad00f394c0, 0x000001ad00f39688]
Event: 43.900 Thread 0x000001ad7e8dd310 8086       3       java.lang.AbstractStringBuilder::append (45 bytes)
Event: 43.901 Thread 0x000001ad7e8dd310 nmethod 8086 0x000001ad00f39790 code [0x000001ad00f39960, 0x000001ad00f39ca8]

GC Heap History (20 events):
Event: 33.056 GC heap before
{Heap before GC invocations=16 (full 0):
 garbage-first heap   total 75776K, used 55929K [0x00000000c9400000, 0x0000000100000000)
  region size 1024K, 14 young (14336K), 2 survivors (2048K)
 Metaspace       used 34395K, committed 34752K, reserved 1114112K
  class space    used 4007K, committed 4160K, reserved 1048576K
}
Event: 33.064 GC heap after
{Heap after GC invocations=17 (full 0):
 garbage-first heap   total 75776K, used 45587K [0x00000000c9400000, 0x0000000100000000)
  region size 1024K, 1 young (1024K), 1 survivors (1024K)
 Metaspace       used 34395K, committed 34752K, reserved 1114112K
  class space    used 4007K, committed 4160K, reserved 1048576K
}
Event: 34.125 GC heap before
{Heap before GC invocations=18 (full 0):
 garbage-first heap   total 81920K, used 56851K [0x00000000c9400000, 0x0000000100000000)
  region size 1024K, 13 young (13312K), 1 survivors (1024K)
 Metaspace       used 35008K, committed 35392K, reserved 1114112K
  class space    used 4074K, committed 4224K, reserved 1048576K
}
Event: 34.129 GC heap after
{Heap after GC invocations=19 (full 0):
 garbage-first heap   total 81920K, used 45595K [0x00000000c9400000, 0x0000000100000000)
  region size 1024K, 1 young (1024K), 1 survivors (1024K)
 Metaspace       used 35008K, committed 35392K, reserved 1114112K
  class space    used 4074K, committed 4224K, reserved 1048576K
}
Event: 34.319 GC heap before
{Heap before GC invocations=19 (full 0):
 garbage-first heap   total 81920K, used 47643K [0x00000000c9400000, 0x0000000100000000)
  region size 1024K, 4 young (4096K), 1 survivors (1024K)
 Metaspace       used 35202K, committed 35520K, reserved 1114112K
  class space    used 4101K, committed 4224K, reserved 1048576K
}
Event: 34.322 GC heap after
{Heap after GC invocations=20 (full 0):
 garbage-first heap   total 81920K, used 45327K [0x00000000c9400000, 0x0000000100000000)
  region size 1024K, 1 young (1024K), 1 survivors (1024K)
 Metaspace       used 35202K, committed 35520K, reserved 1114112K
  class space    used 4101K, committed 4224K, reserved 1048576K
}
Event: 35.185 GC heap before
{Heap before GC invocations=20 (full 0):
 garbage-first heap   total 81920K, used 62735K [0x00000000c9400000, 0x0000000100000000)
  region size 1024K, 18 young (18432K), 1 survivors (1024K)
 Metaspace       used 36668K, committed 36992K, reserved 1114112K
  class space    used 4258K, committed 4416K, reserved 1048576K
}
Event: 35.191 GC heap after
{Heap after GC invocations=21 (full 0):
 garbage-first heap   total 81920K, used 46151K [0x00000000c9400000, 0x0000000100000000)
  region size 1024K, 2 young (2048K), 2 survivors (2048K)
 Metaspace       used 36668K, committed 36992K, reserved 1114112K
  class space    used 4258K, committed 4416K, reserved 1048576K
}
Event: 39.031 GC heap before
{Heap before GC invocations=22 (full 0):
 garbage-first heap   total 81920K, used 67655K [0x00000000c9400000, 0x0000000100000000)
  region size 1024K, 20 young (20480K), 2 survivors (2048K)
 Metaspace       used 37384K, committed 37696K, reserved 1114112K
  class space    used 4357K, committed 4480K, reserved 1048576K
}
Event: 39.047 GC heap after
{Heap after GC invocations=23 (full 0):
 garbage-first heap   total 81920K, used 53042K [0x00000000c9400000, 0x0000000100000000)
  region size 1024K, 3 young (3072K), 3 survivors (3072K)
 Metaspace       used 37384K, committed 37696K, reserved 1114112K
  class space    used 4357K, committed 4480K, reserved 1048576K
}
Event: 39.096 GC heap before
{Heap before GC invocations=23 (full 0):
 garbage-first heap   total 81920K, used 53042K [0x00000000c9400000, 0x0000000100000000)
  region size 1024K, 4 young (4096K), 3 survivors (3072K)
 Metaspace       used 37385K, committed 37696K, reserved 1114112K
  class space    used 4357K, committed 4480K, reserved 1048576K
}
Event: 39.107 GC heap after
{Heap after GC invocations=24 (full 0):
 garbage-first heap   total 81920K, used 53646K [0x00000000c9400000, 0x0000000100000000)
  region size 1024K, 1 young (1024K), 1 survivors (1024K)
 Metaspace       used 37385K, committed 37696K, reserved 1114112K
  class space    used 4357K, committed 4480K, reserved 1048576K
}
Event: 39.265 GC heap before
{Heap before GC invocations=24 (full 0):
 garbage-first heap   total 81920K, used 58766K [0x00000000c9400000, 0x0000000100000000)
  region size 1024K, 7 young (7168K), 1 survivors (1024K)
 Metaspace       used 37422K, committed 37696K, reserved 1114112K
  class space    used 4357K, committed 4480K, reserved 1048576K
}
Event: 39.270 GC heap after
{Heap after GC invocations=25 (full 0):
 garbage-first heap   total 81920K, used 56566K [0x00000000c9400000, 0x0000000100000000)
  region size 1024K, 2 young (2048K), 2 survivors (2048K)
 Metaspace       used 37422K, committed 37696K, reserved 1114112K
  class space    used 4357K, committed 4480K, reserved 1048576K
}
Event: 39.450 GC heap before
{Heap before GC invocations=25 (full 0):
 garbage-first heap   total 106496K, used 62710K [0x00000000c9400000, 0x0000000100000000)
  region size 1024K, 9 young (9216K), 2 survivors (2048K)
 Metaspace       used 35751K, committed 36608K, reserved 1114112K
  class space    used 4156K, committed 4416K, reserved 1048576K
}
Event: 39.475 GC heap after
{Heap after GC invocations=26 (full 0):
 garbage-first heap   total 257024K, used 59392K [0x00000000c9400000, 0x0000000100000000)
  region size 1024K, 2 young (2048K), 2 survivors (2048K)
 Metaspace       used 35751K, committed 36608K, reserved 1114112K
  class space    used 4156K, committed 4416K, reserved 1048576K
}
Event: 42.207 GC heap before
{Heap before GC invocations=27 (full 0):
 garbage-first heap   total 257024K, used 141312K [0x00000000c9400000, 0x0000000100000000)
  region size 1024K, 82 young (83968K), 2 survivors (2048K)
 Metaspace       used 37330K, committed 37696K, reserved 1114112K
  class space    used 4324K, committed 4480K, reserved 1048576K
}
Event: 42.215 GC heap after
{Heap after GC invocations=28 (full 0):
 garbage-first heap   total 257024K, used 64090K [0x00000000c9400000, 0x0000000100000000)
  region size 1024K, 7 young (7168K), 7 survivors (7168K)
 Metaspace       used 37330K, committed 37696K, reserved 1114112K
  class space    used 4324K, committed 4480K, reserved 1048576K
}
Event: 42.577 GC heap before
{Heap before GC invocations=28 (full 0):
 garbage-first heap   total 257024K, used 69210K [0x00000000c9400000, 0x0000000100000000)
  region size 1024K, 12 young (12288K), 7 survivors (7168K)
 Metaspace       used 37701K, committed 38016K, reserved 1114112K
  class space    used 4359K, committed 4480K, reserved 1048576K
}
Event: 42.585 GC heap after
{Heap after GC invocations=29 (full 0):
 garbage-first heap   total 257024K, used 60178K [0x00000000c9400000, 0x0000000100000000)
  region size 1024K, 1 young (1024K), 1 survivors (1024K)
 Metaspace       used 37701K, committed 38016K, reserved 1114112K
  class space    used 4359K, committed 4480K, reserved 1048576K
}

Dll operation events (12 events):
Event: 0.024 Loaded shared library C:\Users\etudiant\.jdks\corretto-17.0.9\bin\java.dll
Event: 0.055 Loaded shared library C:\Users\etudiant\.jdks\corretto-17.0.9\bin\jsvml.dll
Event: 0.260 Loaded shared library C:\Users\etudiant\.jdks\corretto-17.0.9\bin\zip.dll
Event: 0.264 Loaded shared library C:\Users\etudiant\.jdks\corretto-17.0.9\bin\instrument.dll
Event: 0.276 Loaded shared library C:\Users\etudiant\.jdks\corretto-17.0.9\bin\net.dll
Event: 0.279 Loaded shared library C:\Users\etudiant\.jdks\corretto-17.0.9\bin\nio.dll
Event: 0.284 Loaded shared library C:\Users\etudiant\.jdks\corretto-17.0.9\bin\zip.dll
Event: 0.300 Loaded shared library C:\Program Files\JetBrains\IntelliJ IDEA 2023.2.5\bin\breakgen64.dll
Event: 0.521 Loaded shared library C:\Users\etudiant\.jdks\corretto-17.0.9\bin\jimage.dll
Event: 0.568 Loaded shared library C:\Users\etudiant\AppData\Local\Temp\jansi-2.4.0-2c81554671e58d64-jansi.dll
Event: 0.586 Loaded shared library C:\Users\etudiant\.jdks\corretto-17.0.9\bin\verify.dll
Event: 18.215 Loaded shared library C:\Users\etudiant\.jdks\corretto-17.0.9\bin\sunmscapi.dll

Deoptimization events (20 events):
Event: 43.898 Thread 0x000001ad55d7dee0 Uncommon trap: trap_request=0xffffff45 fr.pc=0x000001ad07d1c560 relative=0x0000000000000520
Event: 43.898 Thread 0x000001ad55d7dee0 Uncommon trap: reason=unstable_if action=reinterpret pc=0x000001ad07d1c560 method=java.lang.String.getBytes([BIIBI)V @ 6 c2
Event: 43.898 Thread 0x000001ad55d7dee0 DEOPT PACKING pc=0x000001ad07d1c560 sp=0x000000985d4ff320
Event: 43.898 Thread 0x000001ad55d7dee0 DEOPT UNPACKING pc=0x000001ad075869a3 sp=0x000000985d4ff188 mode 2
Event: 43.899 Thread 0x000001ad55d7dee0 Uncommon trap: trap_request=0xffffff76 fr.pc=0x000001ad07c5da80 relative=0x0000000000001d20
Event: 43.899 Thread 0x000001ad55d7dee0 Uncommon trap: reason=predicate action=maybe_recompile pc=0x000001ad07c5da80 method=java.util.regex.Pattern.compile()V @ 78 c2
Event: 43.899 Thread 0x000001ad55d7dee0 DEOPT PACKING pc=0x000001ad07c5da80 sp=0x000000985d4ff390
Event: 43.899 Thread 0x000001ad55d7dee0 DEOPT UNPACKING pc=0x000001ad075869a3 sp=0x000000985d4ff370 mode 2
Event: 43.899 Thread 0x000001ad55d7dee0 Uncommon trap: trap_request=0xffffff45 fr.pc=0x000001ad07c89900 relative=0x0000000000000080
Event: 43.899 Thread 0x000001ad55d7dee0 Uncommon trap: reason=unstable_if action=reinterpret pc=0x000001ad07c89900 method=java.lang.String.codePointAt(I)I @ 4 c2
Event: 43.899 Thread 0x000001ad55d7dee0 DEOPT PACKING pc=0x000001ad07c89900 sp=0x000000985d4ff350
Event: 43.899 Thread 0x000001ad55d7dee0 DEOPT UNPACKING pc=0x000001ad075869a3 sp=0x000000985d4ff2f8 mode 2
Event: 43.899 Thread 0x000001ad55d7dee0 Uncommon trap: trap_request=0xffffffc6 fr.pc=0x000001ad07d1aa30 relative=0x0000000000000210
Event: 43.899 Thread 0x000001ad55d7dee0 Uncommon trap: reason=bimorphic_or_optimized_type_check action=maybe_recompile pc=0x000001ad07d1aa30 method=java.util.regex.Matcher.getTextLength()I @ 4 c2
Event: 43.899 Thread 0x000001ad55d7dee0 DEOPT PACKING pc=0x000001ad07d1aa30 sp=0x000000985d4ff400
Event: 43.899 Thread 0x000001ad55d7dee0 DEOPT UNPACKING pc=0x000001ad075869a3 sp=0x000000985d4ff330 mode 2
Event: 43.899 Thread 0x000001ad55d7dee0 Uncommon trap: trap_request=0xffffff45 fr.pc=0x000001ad07ea6abc relative=0x000000000000299c
Event: 43.899 Thread 0x000001ad55d7dee0 Uncommon trap: reason=unstable_if action=reinterpret pc=0x000001ad07ea6abc method=sun.nio.cs.StreamDecoder.readBytes()I @ 12 c2
Event: 43.899 Thread 0x000001ad55d7dee0 DEOPT PACKING pc=0x000001ad07ea6abc sp=0x000000985d4ff310
Event: 43.899 Thread 0x000001ad55d7dee0 DEOPT UNPACKING pc=0x000001ad075869a3 sp=0x000000985d4ff210 mode 2

Classes unloaded (20 events):
Event: 39.343 Thread 0x000001ad709bebd0 Unloading class 0x000001ad104267c8 'lombok/javac/apt/MessagerDiagnosticsReceiver'
Event: 39.343 Thread 0x000001ad709bebd0 Unloading class 0x000001ad10426420 'lombok/javac/apt/InterceptingJavaFileManager'
Event: 39.343 Thread 0x000001ad709bebd0 Unloading class 0x000001ad10426218 'lombok/permit/dummy/Parent'
Event: 39.343 Thread 0x000001ad709bebd0 Unloading class 0x000001ad10426000 'lombok/core/CleanupRegistry'
Event: 39.343 Thread 0x000001ad709bebd0 Unloading class 0x000001ad10425de8 'lombok/permit/Permit$Fake'
Event: 39.343 Thread 0x000001ad709bebd0 Unloading class 0x000001ad10425be8 'lombok/permit/Permit'
Event: 39.343 Thread 0x000001ad709bebd0 Unloading class 0x000001ad104258f8 'lombok/javac/apt/LombokProcessor$1'
Event: 39.343 Thread 0x000001ad709bebd0 Unloading class 0x000001ad10425700 'lombok/core/DiagnosticsReceiver'
Event: 39.343 Thread 0x000001ad709bebd0 Unloading class 0x000001ad10425468 'lombok/javac/apt/LombokProcessor'
Event: 39.343 Thread 0x000001ad709bebd0 Unloading class 0x000001ad10425238 'lombok/core/AnnotationProcessor$EcjDescriptor'
Event: 39.343 Thread 0x000001ad709bebd0 Unloading class 0x000001ad10425000 'lombok/core/AnnotationProcessor$JavacDescriptor'
Event: 39.343 Thread 0x000001ad709bebd0 Unloading class 0x000001ad10424a80 'lombok/core/AnnotationProcessor$ProcessorDescriptor'
Event: 39.343 Thread 0x000001ad709bebd0 Unloading class 0x000001ad10424800 'lombok/core/AnnotationProcessor'
Event: 39.343 Thread 0x000001ad709bebd0 Unloading class 0x000001ad10459800 'lombok/launch/AnnotationProcessorHider$ClaimingProcessor'
Event: 39.343 Thread 0x000001ad709bebd0 Unloading class 0x000001ad10424498 'lombok/launch/AnnotationProcessorHider$AstModificationNotifierData'
Event: 39.343 Thread 0x000001ad709bebd0 Unloading class 0x000001ad10424218 'lombok/launch/ClassFileMetaData'
Event: 39.343 Thread 0x000001ad709bebd0 Unloading class 0x000001ad10424000 'lombok/launch/PackageShader'
Event: 39.343 Thread 0x000001ad709bebd0 Unloading class 0x000001ad10400480 'lombok/launch/ShadowClassLoader'
Event: 39.343 Thread 0x000001ad709bebd0 Unloading class 0x000001ad10400280 'lombok/launch/Main'
Event: 39.343 Thread 0x000001ad709bebd0 Unloading class 0x000001ad10400000 'lombok/launch/AnnotationProcessorHider$AnnotationProcessor'

Classes redefined (0 events):
No events

Internal exceptions (20 events):
Event: 43.392 Thread 0x000001ad70922580 Exception <a 'sun/nio/fs/WindowsException'{0x00000000d8012740}> (0x00000000d8012740) 
thrown [s\src\hotspot\share\prims\jni.cpp, line 516]
Event: 43.393 Thread 0x000001ad70922580 Exception <a 'sun/nio/fs/WindowsException'{0x00000000d8012f30}> (0x00000000d8012f30) 
thrown [s\src\hotspot\share\prims\jni.cpp, line 516]
Event: 43.393 Thread 0x000001ad70922580 Exception <a 'sun/nio/fs/WindowsException'{0x00000000d80132d0}> (0x00000000d80132d0) 
thrown [s\src\hotspot\share\prims\jni.cpp, line 516]
Event: 43.397 Thread 0x000001ad70922580 Exception <a 'sun/nio/fs/WindowsException'{0x00000000d801c058}> (0x00000000d801c058) 
thrown [s\src\hotspot\share\prims\jni.cpp, line 516]
Event: 43.397 Thread 0x000001ad70922580 Exception <a 'sun/nio/fs/WindowsException'{0x00000000d801c880}> (0x00000000d801c880) 
thrown [s\src\hotspot\share\prims\jni.cpp, line 516]
Event: 43.397 Thread 0x000001ad70922580 Exception <a 'sun/nio/fs/WindowsException'{0x00000000d801ccc0}> (0x00000000d801ccc0) 
thrown [s\src\hotspot\share\prims\jni.cpp, line 516]
Event: 43.408 Thread 0x000001ad70922580 Exception <a 'sun/nio/fs/WindowsException'{0x00000000d8088748}> (0x00000000d8088748) 
thrown [s\src\hotspot\share\prims\jni.cpp, line 516]
Event: 43.408 Thread 0x000001ad70922580 Exception <a 'sun/nio/fs/WindowsException'{0x00000000d8088b88}> (0x00000000d8088b88) 
thrown [s\src\hotspot\share\prims\jni.cpp, line 516]
Event: 43.410 Thread 0x000001ad70922580 Exception <a 'sun/nio/fs/WindowsException'{0x00000000d8091c08}> (0x00000000d8091c08) 
thrown [s\src\hotspot\share\prims\jni.cpp, line 516]
Event: 43.417 Thread 0x000001ad70922580 Exception <a 'sun/nio/fs/WindowsException'{0x00000000d8099e68}> (0x00000000d8099e68) 
thrown [s\src\hotspot\share\prims\jni.cpp, line 516]
Event: 43.579 Thread 0x000001ad70922580 Exception <a 'sun/nio/fs/WindowsException'{0x00000000d80b9870}> (0x00000000d80b9870) 
thrown [s\src\hotspot\share\prims\jni.cpp, line 516]
Event: 43.583 Thread 0x000001ad70922580 Exception <a 'sun/nio/fs/WindowsException'{0x00000000d80bb2c0}> (0x00000000d80bb2c0) 
thrown [s\src\hotspot\share\prims\jni.cpp, line 516]
Event: 43.585 Thread 0x000001ad70922580 Exception <a 'sun/nio/fs/WindowsException'{0x00000000d80bc440}> (0x00000000d80bc440) 
thrown [s\src\hotspot\share\prims\jni.cpp, line 516]
Event: 43.585 Thread 0x000001ad70922580 Exception <a 'sun/nio/fs/WindowsException'{0x00000000d80bc5a0}> (0x00000000d80bc5a0) 
thrown [s\src\hotspot\share\prims\jni.cpp, line 516]
Event: 43.586 Thread 0x000001ad70922580 Exception <a 'sun/nio/fs/WindowsException'{0x00000000d80be9a8}> (0x00000000d80be9a8) 
thrown [s\src\hotspot\share\prims\jni.cpp, line 516]
Event: 43.587 Thread 0x000001ad70922580 Exception <a 'sun/nio/fs/WindowsException'{0x00000000d80ca1e8}> (0x00000000d80ca1e8) 
thrown [s\src\hotspot\share\prims\jni.cpp, line 516]
Event: 43.588 Thread 0x000001ad70922580 Exception <a 'sun/nio/fs/WindowsException'{0x00000000d80caa10}> (0x00000000d80caa10) 
thrown [s\src\hotspot\share\prims\jni.cpp, line 516]
Event: 43.588 Thread 0x000001ad70922580 Exception <a 'sun/nio/fs/WindowsException'{0x00000000d80cae50}> (0x00000000d80cae50) 
thrown [s\src\hotspot\share\prims\jni.cpp, line 516]
Event: 43.849 Thread 0x000001ad70922580 Exception <a 'java/lang/NoSuchMethodError'{0x00000000d7ae0318}: 'void java.lang.invoke.DirectMethodHandle$Holder.invokeStatic(java.lang.Object, long)'> (0x00000000d7ae0318) 
thrown [s\src\hotspot\share\interpreter\linkResolver.cpp, line 759]
Event: 43.850 Thread 0x000001ad70922580 Exception <a 'java/lang/NoSuchMethodError'{0x00000000d7ae5968}: 'java.lang.Object java.lang.invoke.DirectMethodHandle$Holder.newInvokeSpecial(java.lang.Object, long)'> (0x00000000d7ae5968) 
thrown [s\src\hotspot\share\interpreter\linkResolver.cpp, line 759]

VM Operations (20 events):
Event: 42.207 Executing VM operation: G1CollectForAllocation
Event: 42.215 Executing VM operation: G1CollectForAllocation done
Event: 42.577 Executing VM operation: G1CollectForAllocation
Event: 42.585 Executing VM operation: G1CollectForAllocation done
Event: 42.673 Executing VM operation: HandshakeAllThreads
Event: 42.673 Executing VM operation: HandshakeAllThreads done
Event: 42.685 Executing VM operation: HandshakeAllThreads
Event: 42.685 Executing VM operation: HandshakeAllThreads done
Event: 43.294 Executing VM operation: HandshakeAllThreads
Event: 43.295 Executing VM operation: HandshakeAllThreads done
Event: 43.683 Executing VM operation: HandshakeAllThreads
Event: 43.683 Executing VM operation: HandshakeAllThreads done
Event: 43.683 Executing VM operation: Cleanup
Event: 43.683 Executing VM operation: Cleanup done
Event: 43.852 Executing VM operation: HandshakeAllThreads
Event: 43.852 Executing VM operation: HandshakeAllThreads done
Event: 43.862 Executing VM operation: HandshakeAllThreads
Event: 43.863 Executing VM operation: HandshakeAllThreads done
Event: 43.866 Executing VM operation: HandshakeAllThreads
Event: 43.866 Executing VM operation: HandshakeAllThreads done

Events (20 events):
Event: 43.788 loading class java/lang/ProcessImpl done
Event: 43.851 loading class java/lang/ProcessImpl$2
Event: 43.851 loading class java/lang/ProcessImpl$2 done
Event: 43.851 loading class java/lang/Process$PipeInputStream
Event: 43.851 loading class java/lang/Process$PipeInputStream done
Event: 43.852 loading class jdk/internal/event/ProcessStartEvent
Event: 43.854 loading class jdk/internal/event/ProcessStartEvent done
Event: 43.855 loading class java/nio/channels/ClosedChannelException
Event: 43.855 loading class java/nio/channels/ClosedChannelException done
Event: 43.864 loading class java/nio/channels/NonReadableChannelException
Event: 43.865 loading class java/nio/channels/NonReadableChannelException done
Event: 43.866 loading class java/nio/channels/NonWritableChannelException
Event: 43.867 loading class java/nio/channels/NonWritableChannelException done
Event: 43.886 Thread 0x000001ad55d7dee0 Thread added: 0x000001ad55d7dee0
Event: 43.887 Thread 0x000001ad55d80760 Thread added: 0x000001ad55d80760
Event: 43.890 loading class java/util/Scanner
Event: 43.894 loading class java/util/Scanner done
Event: 43.897 loading class java/util/Scanner$PatternLRUCache
Event: 43.897 loading class java/util/Scanner$PatternLRUCache done
Event: 43.904 Thread 0x000001ad55d7ee10 Thread added: 0x000001ad55d7ee10


Dynamic libraries:
0x00007ff690bd0000 - 0x00007ff690bde000 	C:\Users\etudiant\.jdks\corretto-17.0.9\bin\java.exe
0x00007ffcc23b0000 - 0x00007ffcc25c7000 	C:\WINDOWS\SYSTEM32\ntdll.dll
0x00007ffc77f60000 - 0x00007ffc77f79000 	C:\Program Files\Avast Software\Avast\aswhook.dll
0x00007ffcc0800000 - 0x00007ffcc08c4000 	C:\WINDOWS\System32\KERNEL32.DLL
0x00007ffcbf770000 - 0x00007ffcbfb16000 	C:\WINDOWS\System32\KERNELBASE.dll
0x00007ffcbfe70000 - 0x00007ffcbff81000 	C:\WINDOWS\System32\ucrtbase.dll
0x00007ffc9b8b0000 - 0x00007ffc9b8cb000 	C:\Users\etudiant\.jdks\corretto-17.0.9\bin\VCRUNTIME140.dll
0x00007ffc9c180000 - 0x00007ffc9c197000 	C:\Users\etudiant\.jdks\corretto-17.0.9\bin\jli.dll
0x00007ffcc1730000 - 0x00007ffcc18de000 	C:\WINDOWS\System32\USER32.dll
0x00007ffcbfd00000 - 0x00007ffcbfd26000 	C:\WINDOWS\System32\win32u.dll
0x00007ffcc0230000 - 0x00007ffcc0259000 	C:\WINDOWS\System32\GDI32.dll
0x00007ffc9ed00000 - 0x00007ffc9ef93000 	C:\WINDOWS\WinSxS\amd64_microsoft.windows.common-controls_6595b64144ccf1df_6.0.22621.2506_none_270c5ae97388e100\COMCTL32.dll
0x00007ffcbfbe0000 - 0x00007ffcbfcf8000 	C:\WINDOWS\System32\gdi32full.dll
0x00007ffcbfd30000 - 0x00007ffcbfdca000 	C:\WINDOWS\System32\msvcp_win.dll
0x00007ffcc1cf0000 - 0x00007ffcc1d97000 	C:\WINDOWS\System32\msvcrt.dll
0x00007ffcc0100000 - 0x00007ffcc0131000 	C:\WINDOWS\System32\IMM32.DLL
0x00007ffc9b860000 - 0x00007ffc9b86c000 	C:\Users\etudiant\.jdks\corretto-17.0.9\bin\vcruntime140_1.dll
0x00007ffc93d80000 - 0x00007ffc93e0d000 	C:\Users\etudiant\.jdks\corretto-17.0.9\bin\msvcp140.dll
0x00007ffc69670000 - 0x00007ffc6a2d1000 	C:\Users\etudiant\.jdks\corretto-17.0.9\bin\server\jvm.dll
0x00007ffcc1c20000 - 0x00007ffcc1cd3000 	C:\WINDOWS\System32\ADVAPI32.dll
0x00007ffcc1e00000 - 0x00007ffcc1ea8000 	C:\WINDOWS\System32\sechost.dll
0x00007ffcbfe40000 - 0x00007ffcbfe68000 	C:\WINDOWS\System32\bcrypt.dll
0x00007ffcc0420000 - 0x00007ffcc0537000 	C:\WINDOWS\System32\RPCRT4.dll
0x00007ffca53f0000 - 0x00007ffca53f9000 	C:\WINDOWS\SYSTEM32\WSOCK32.dll
0x00007ffcb6a90000 - 0x00007ffcb6ac4000 	C:\WINDOWS\SYSTEM32\WINMM.dll
0x00007ffcbf5c0000 - 0x00007ffcbf60d000 	C:\WINDOWS\SYSTEM32\POWRPROF.dll
0x00007ffcb8490000 - 0x00007ffcb849a000 	C:\WINDOWS\SYSTEM32\VERSION.dll
0x00007ffcc18e0000 - 0x00007ffcc1951000 	C:\WINDOWS\System32\WS2_32.dll
0x00007ffcbf5a0000 - 0x00007ffcbf5b3000 	C:\WINDOWS\SYSTEM32\UMPDC.dll
0x00007ffcbe730000 - 0x00007ffcbe748000 	C:\WINDOWS\SYSTEM32\kernel.appcore.dll
0x00007ffc9b420000 - 0x00007ffc9b42a000 	C:\Users\etudiant\.jdks\corretto-17.0.9\bin\jimage.dll
0x00007ffcadb70000 - 0x00007ffcadda3000 	C:\WINDOWS\SYSTEM32\DBGHELP.DLL
0x00007ffcc1fe0000 - 0x00007ffcc2369000 	C:\WINDOWS\System32\combase.dll
0x00007ffcc0540000 - 0x00007ffcc0617000 	C:\WINDOWS\System32\OLEAUT32.dll
0x00007ffcad290000 - 0x00007ffcad2c2000 	C:\WINDOWS\SYSTEM32\dbgcore.DLL
0x00007ffcbf6f0000 - 0x00007ffcbf76a000 	C:\WINDOWS\System32\bcryptPrimitives.dll
0x00007ffcb6cb0000 - 0x00007ffcb6cbe000 	C:\Users\etudiant\.jdks\corretto-17.0.9\bin\instrument.dll
0x00007ffc9b3f0000 - 0x00007ffc9b415000 	C:\Users\etudiant\.jdks\corretto-17.0.9\bin\java.dll
0x00007ffc91150000 - 0x00007ffc91227000 	C:\Users\etudiant\.jdks\corretto-17.0.9\bin\jsvml.dll
0x00007ffcc0ed0000 - 0x00007ffcc172b000 	C:\WINDOWS\System32\SHELL32.dll
0x00007ffcbd650000 - 0x00007ffcbdf46000 	C:\WINDOWS\SYSTEM32\windows.storage.dll
0x00007ffcbd510000 - 0x00007ffcbd64e000 	C:\WINDOWS\SYSTEM32\wintypes.dll
0x00007ffcc1980000 - 0x00007ffcc1a73000 	C:\WINDOWS\System32\SHCORE.dll
0x00007ffcc0140000 - 0x00007ffcc019e000 	C:\WINDOWS\System32\shlwapi.dll
0x00007ffcbf620000 - 0x00007ffcbf646000 	C:\WINDOWS\SYSTEM32\profapi.dll
0x00007ffc93050000 - 0x00007ffc93068000 	C:\Users\etudiant\.jdks\corretto-17.0.9\bin\zip.dll
0x00007ffc9b190000 - 0x00007ffc9b1a9000 	C:\Users\etudiant\.jdks\corretto-17.0.9\bin\net.dll
0x00007ffcb82b0000 - 0x00007ffcb83e7000 	C:\WINDOWS\SYSTEM32\WINHTTP.dll
0x00007ffcbebb0000 - 0x00007ffcbec19000 	C:\WINDOWS\system32\mswsock.dll
0x00007ffc93d60000 - 0x00007ffc93d76000 	C:\Users\etudiant\.jdks\corretto-17.0.9\bin\nio.dll
0x00007ffca9d60000 - 0x00007ffca9d7a000 	C:\Program Files\JetBrains\IntelliJ IDEA 2023.2.5\bin\breakgen64.dll
0x0000000069ac0000 - 0x0000000069ae4000 	C:\Users\etudiant\AppData\Local\Temp\jansi-2.4.0-2c81554671e58d64-jansi.dll
0x00007ffc9b100000 - 0x00007ffc9b110000 	C:\Users\etudiant\.jdks\corretto-17.0.9\bin\verify.dll
0x00007ffca7630000 - 0x00007ffca763e000 	C:\Users\etudiant\.jdks\corretto-17.0.9\bin\sunmscapi.dll
0x00007ffcbff90000 - 0x00007ffcc00f6000 	C:\WINDOWS\System32\CRYPT32.dll
0x00007ffcbefc0000 - 0x00007ffcbefee000 	C:\WINDOWS\SYSTEM32\ncrypt.dll
0x00007ffcbef80000 - 0x00007ffcbefb7000 	C:\WINDOWS\SYSTEM32\NTASN1.dll
0x00007ffcbee00000 - 0x00007ffcbee1b000 	C:\WINDOWS\SYSTEM32\CRYPTSP.dll
0x00007ffcbe690000 - 0x00007ffcbe6c5000 	C:\WINDOWS\system32\rsaenh.dll
0x00007ffcbeca0000 - 0x00007ffcbeccc000 	C:\WINDOWS\SYSTEM32\USERENV.dll
0x00007ffcbee20000 - 0x00007ffcbee2c000 	C:\WINDOWS\SYSTEM32\CRYPTBASE.dll
0x00007ffcbe1b0000 - 0x00007ffcbe1dd000 	C:\WINDOWS\SYSTEM32\IPHLPAPI.DLL
0x00007ffcc1ce0000 - 0x00007ffcc1ce9000 	C:\WINDOWS\System32\NSI.dll
0x00007ffcb8470000 - 0x00007ffcb8489000 	C:\WINDOWS\SYSTEM32\dhcpcsvc6.DLL
0x00007ffcb8450000 - 0x00007ffcb846f000 	C:\WINDOWS\SYSTEM32\dhcpcsvc.DLL
0x00007ffcbe220000 - 0x00007ffcbe319000 	C:\WINDOWS\SYSTEM32\DNSAPI.dll
0x00007ffca54c0000 - 0x00007ffca54ca000 	C:\Windows\System32\rasadhlp.dll
0x00007ffcb5ff0000 - 0x00007ffcb6073000 	C:\WINDOWS\System32\fwpuclnt.dll

dbghelp: loaded successfully - version: 4.0.5 - missing functions: none
symbol engine: initialized successfully - sym options: 0x614 - pdb path: .;C:\Users\etudiant\.jdks\corretto-17.0.9\bin;C:\WINDOWS\SYSTEM32;C:\Program Files\Avast Software\Avast;C:\WINDOWS\WinSxS\amd64_microsoft.windows.common-controls_6595b64144ccf1df_6.0.22621.2506_none_270c5ae97388e100;C:\Users\etudiant\.jdks\corretto-17.0.9\bin\server;C:\Program Files\JetBrains\IntelliJ IDEA 2023.2.5\bin;C:\Users\etudiant\AppData\Local\Temp

VM Arguments:
jvm_args: -Dmaven.multiModuleProjectDirectory=C:\gestionstockpharmaci\demo (4)\demo -Djansi.passthrough=true -Dmaven.home=C:\Program Files\JetBrains\IntelliJ IDEA 2023.2.5\plugins\maven\lib\maven3 -Dclassworlds.conf=C:\Program Files\JetBrains\IntelliJ IDEA 2023.2.5\plugins\maven\lib\maven3\bin\m2.conf -Dmaven.ext.class.path=C:\Program Files\JetBrains\IntelliJ IDEA 2023.2.5\plugins\maven\lib\maven-event-listener.jar -javaagent:C:\Program Files\JetBrains\IntelliJ IDEA 2023.2.5\lib\idea_rt.jar=52747:C:\Program Files\JetBrains\IntelliJ IDEA 2023.2.5\bin -Dfile.encoding=UTF-8 
java_command: org.codehaus.classworlds.Launcher -Didea.version=2023.2.5 install
java_class_path (initial): C:\Program Files\JetBrains\IntelliJ IDEA 2023.2.5\plugins\maven\lib\maven3\boot\plexus-classworlds-2.7.0.jar;C:\Program Files\JetBrains\IntelliJ IDEA 2023.2.5\plugins\maven\lib\maven3\boot\plexus-classworlds.license
Launcher Type: SUN_STANDARD

[Global flags]
     intx CICompilerCount                          = 3                                         {product} {ergonomic}
     uint ConcGCThreads                            = 1                                         {product} {ergonomic}
     uint G1ConcRefinementThreads                  = 4                                         {product} {ergonomic}
   size_t G1HeapRegionSize                         = 1048576                                   {product} {ergonomic}
    uintx GCDrainStackTargetSize                   = 64                                        {product} {ergonomic}
   size_t InitialHeapSize                          = 58720256                                  {product} {ergonomic}
   size_t MarkStackSize                            = 4194304                                   {product} {ergonomic}
   size_t MaxHeapSize                              = 918552576                                 {product} {ergonomic}
   size_t MaxNewSize                               = 550502400                                 {product} {ergonomic}
   size_t MinHeapDeltaBytes                        = 1048576                                   {product} {ergonomic}
   size_t MinHeapSize                              = 8388608                                   {product} {ergonomic}
    uintx NonNMethodCodeHeapSize                   = 5832780                                {pd product} {ergonomic}
    uintx NonProfiledCodeHeapSize                  = 122912730                              {pd product} {ergonomic}
    uintx ProfiledCodeHeapSize                     = 122912730                              {pd product} {ergonomic}
    uintx ReservedCodeCacheSize                    = 251658240                              {pd product} {ergonomic}
     bool SegmentedCodeCache                       = true                                      {product} {ergonomic}
   size_t SoftMaxHeapSize                          = 918552576                              {manageable} {ergonomic}
     bool UseCompressedClassPointers               = true                           {product lp64_product} {ergonomic}
     bool UseCompressedOops                        = true                           {product lp64_product} {ergonomic}
     bool UseG1GC                                  = true                                      {product} {ergonomic}
     bool UseLargePagesIndividualAllocation        = false                                  {pd product} {ergonomic}

Logging:
Log output configuration:
 #0: stdout all=warning uptime,level,tags
 #1: stderr all=off uptime,level,tags

Environment Variables:
JAVA_HOME=C:\REP\TP-JAVAEE\jdk-11.0.20
PATH=C:\Python312\Scripts\;C:\Python312\;C:\Python311\Scripts\;C:\Python311\;C:\WINDOWS\system32;C:\WINDOWS;C:\WINDOWS\System32\Wbem;C:\WINDOWS\System32\WindowsPowerShell\v1.0\;C:\WINDOWS\System32\OpenSSH\;C:\Program Files (x86)\IVI Foundation\VISA\WinNT\Bin\;C:\Program Files\IVI Foundation\VISA\Win64\Bin\;C:\Program Files (x86)\National Instruments\Shared\LabVIEW CLI;C:\Program Files (x86)\IVI Foundation\VISA\WinNT\Bin;C:\Program Files (x86)\PuTTY\;C:\ProgramData\chocolatey\bin;C:\Program Files\Git\cmd;C:\Program Files\Azure Data Studio\bin;C:\Program Files\OpenJDK\apache-maven-3.9.2;C:\Program Files\Microsoft SQL Server\Client SDK\ODBC\170\Tools\Binn\;C:\Program Files (x86)\Microsoft SQL Server\150\Tools\Binn\;C:\Program Files\Microsoft SQL Server\150\Tools\Binn\;C:\Program Files\Microsoft SQL Server\150\DTS\Binn\;C:\Program Files (x86)\Microsoft SQL Server\160\DTS\Binn\;C:\sqlite;C:\Program Files\MySQL\MySQL Server 8.1;C:\Program Files\nodejs\;C:\Program Files\OpenJDK\apache-maven-3.9.2;C:\Users\etudiant\AppData\Local\Programs\Microsoft VS Code\bin;C:\Users\etudiant\AppData\Local\Microsoft\WindowsApps;C:\Program Files\MongoDB\Server\5.0\bin;C:\Program Files\MongoDB\mongodb-database-tools-windows-x86_64-100.8.0\bin;C:\Users\etudiant\Downloads\apache-maven-3.9.5-bin\apache-maven-3.9.5\bin;C:\Users\etudiant\Downloads\mysql-connector-j-8.0.33\mysql-connector-j-8.0.33;C:\Program Files\JetBrains\IntelliJ IDEA 2023.2.5\bin;;C:\REP\TP-JAVAEE\jdk-11.0.20\bin;C:\Users\etudiant\AppData\Roaming\npm
USERNAME=etudiant
OS=Windows_NT
PROCESSOR_IDENTIFIER=AMD64 Family 23 Model 24 Stepping 1, AuthenticAMD
TMP=C:\Users\etudiant\AppData\Local\Temp
TEMP=C:\Users\etudiant\AppData\Local\Temp



Periodic native trim disabled


---------------  S Y S T E M  ---------------

OS:
 Windows 11 , 64 bit Build 22621 (10.0.22621.3085)
OS uptime: 0 days 4:41 hours

CPU: total 4 (initial active 4) (4 cores per cpu, 2 threads per core) family 23 model 24 stepping 1 microcode 0x0, cx8, cmov, fxsr, ht, mmx, 3dnowpref, sse, sse2, sse3, ssse3, sse4a, sse4.1, sse4.2, popcnt, lzcnt, tsc, tscinvbit, avx, avx2, aes, clmul, bmi1, bmi2, adx, sha, fma, vzeroupper, clflush, clflushopt
Processor Information for all 4 processors :
  Max Mhz: 2400, Current Mhz: 2400, Mhz Limit: 2400

Memory: 4k page, system-wide physical 3498M (223M free)
TotalPageFile size 14250M (AvailPageFile size 0M)
current process WorkingSet (physical memory assigned to process): 238M, peak: 307M
current process commit charge ("private bytes"): 469M, peak: 469M

vm_info: OpenJDK 64-Bit Server VM (17.0.9+8-LTS) for windows-amd64 JRE (17.0.9+8-LTS), built on Oct 12 2023 16:15:33 by "Administrator" with MS VC++ 16.10 / 16.11 (VS2019)

END.
